canu/2.2 has the useGrid option default set to useGrid=false. This can be overriden by another configuration file or a command-line option.
-- canu snapshot v2.2 +0 changes (r10279 af9c6e709ff2d6473cf966702c420b9eb42d9078)
--
-- CITATIONS
--
-- For 'standard' assemblies of PacBio or Nanopore reads:
--   Koren S, Walenz BP, Berlin K, Miller JR, Phillippy AM.
--   Canu: scalable and accurate long-read assembly via adaptive k-mer weighting and repeat separation.
--   Genome Res. 2017 May;27(5):722-736.
--   http://doi.org/10.1101/gr.215087.116
-- 
-- Read and contig alignments during correction and consensus use:
--   Šošic M, Šikic M.
--   Edlib: a C/C ++ library for fast, exact sequence alignment using edit distance.
--   Bioinformatics. 2017 May 1;33(9):1394-1395.
--   http://doi.org/10.1093/bioinformatics/btw753
-- 
-- Overlaps are generated using:
--   Berlin K, et al.
--   Assembling large genomes with single-molecule sequencing and locality-sensitive hashing.
--   Nat Biotechnol. 2015 Jun;33(6):623-30.
--   http://doi.org/10.1038/nbt.3238
-- 
--   Myers EW, et al.
--   A Whole-Genome Assembly of Drosophila.
--   Science. 2000 Mar 24;287(5461):2196-204.
--   http://doi.org/10.1126/science.287.5461.2196
-- 
-- Corrected read consensus sequences are generated using an algorithm derived from FALCON-sense:
--   Chin CS, et al.
--   Phased diploid genome assembly with single-molecule real-time sequencing.
--   Nat Methods. 2016 Dec;13(12):1050-1054.
--   http://doi.org/10.1038/nmeth.4035
-- 
-- Contig consensus sequences are generated using an algorithm derived from pbdagcon:
--   Chin CS, et al.
--   Nonhybrid, finished microbial genome assemblies from long-read SMRT sequencing data.
--   Nat Methods. 2013 Jun;10(6):563-9
--   http://doi.org/10.1038/nmeth.2474
-- 
-- CONFIGURE CANU
--
-- Detected Java(TM) Runtime Environment '1.8.0_151' (from '/sw/comp/java/x86_64/sun_jdk1.8.0_151/bin/java') with -d64 support.
-- Detected gnuplot version '4.6 patchlevel 2   ' (from 'gnuplot') and image format 'png'.
--
-- Detected 4 CPUs and 32000 gigabytes of memory on the local machine.
--
-- Detected Slurm with 'sinfo' binary in /usr/bin/sinfo.
--          Slurm disabled by useGrid=false
--
-- Local machine mode enabled; grid support not detected or not allowed.
--
--                                (tag)Concurrency
--                         (tag)Threads          |
--                (tag)Memory         |          |
--        (tag)             |         |          |       total usage      algorithm
--        -------  ----------  --------   --------  --------------------  -----------------------------
-- Local: meryl     12.000 GB    4 CPUs x   1 job     12.000 GB   4 CPUs  (k-mer counting)
-- Local: hap        8.000 GB    4 CPUs x   1 job      8.000 GB   4 CPUs  (read-to-haplotype assignment)
-- Local: cormhap    6.000 GB    4 CPUs x   1 job      6.000 GB   4 CPUs  (overlap detection with mhap)
-- Local: obtovl     4.000 GB    4 CPUs x   1 job      4.000 GB   4 CPUs  (overlap detection)
-- Local: utgovl     4.000 GB    4 CPUs x   1 job      4.000 GB   4 CPUs  (overlap detection)
-- Local: cor        -.--- GB    4 CPUs x   - jobs     -.--- GB   - CPUs  (read correction)
-- Local: ovb        4.000 GB    1 CPU  x   4 jobs    16.000 GB   4 CPUs  (overlap store bucketizer)
-- Local: ovs        8.000 GB    1 CPU  x   4 jobs    32.000 GB   4 CPUs  (overlap store sorting)
-- Local: red       16.000 GB    4 CPUs x   1 job     16.000 GB   4 CPUs  (read error detection)
-- Local: oea        8.000 GB    1 CPU  x   4 jobs    32.000 GB   4 CPUs  (overlap error adjustment)
-- Local: bat       16.000 GB    4 CPUs x   1 job     16.000 GB   4 CPUs  (contig construction with bogart)
-- Local: cns        -.--- GB    4 CPUs x   - jobs     -.--- GB   - CPUs  (consensus)
--
-- Found untrimmed raw PacBio CLR reads in the input files.
--
-- Generating assembly 'genome_assembly' in '/domus/h1/elro9391/Genome_Analysis_Enterococcus_Faecium/analyses/genome_assembly_output':
--   genomeSize:
--     3000000
--
--   Overlap Generation Limits:
--     corOvlErrorRate 0.2400 ( 24.00%)
--     obtOvlErrorRate 0.0450 (  4.50%)
--     utgOvlErrorRate 0.0450 (  4.50%)
--
--   Overlap Processing Limits:
--     corErrorRate    0.2500 ( 25.00%)
--     obtErrorRate    0.0450 (  4.50%)
--     utgErrorRate    0.0450 (  4.50%)
--     cnsErrorRate    0.0750 (  7.50%)
--
--   Stages to run:
--     correct raw reads.
--     trim corrected reads.
--     assemble corrected and trimmed reads.
--
--
-- BEGIN CORRECTION
----------------------------------------
-- Starting command on Thu Apr  3 10:22:45 2025 with 6540.623 GB free disk space

    cd .
    ./genome_assembly.seqStore.sh \
    > ./genome_assembly.seqStore.err 2>&1

-- Finished on Thu Apr  3 10:23:03 2025 (18 seconds) with 6540.421 GB free disk space
----------------------------------------
--
-- In sequence store './genome_assembly.seqStore':
--   Found 100836 reads.
--   Found 533813323 bases (177.93 times coverage).
--    Histogram of raw reads:
--    
--    G=533813323                        sum of  ||               length     num
--    NG         length     index       lengths  ||                range    seqs
--    ----- ------------ --------- ------------  ||  ------------------- -------
--    00010        12179      3820     53393103  ||       1000-1443         6934|---------------------------------------------------------------
--    00020        10167      8653    106772804  ||       1444-1887         6777|--------------------------------------------------------------
--    00030         8845     14294    160149047  ||       1888-2331         6504|------------------------------------------------------------
--    00040         7801     20728    213525954  ||       2332-2775         6248|---------------------------------------------------------
--    00050         6915     28004    266907829  ||       2776-3219         6091|--------------------------------------------------------
--    00060         6059     36226    320293628  ||       3220-3663         5756|-----------------------------------------------------
--    00070         5084     45820    373673172  ||       3664-4107         5514|---------------------------------------------------
--    00080         4068     57527    427052881  ||       4108-4551         5333|-------------------------------------------------
--    00090         2878     72959    480434278  ||       4552-4995         4956|----------------------------------------------
--    00100         1000    100835    533813323  ||       4996-5439         4539|------------------------------------------
--    001.000x              100836    533813323  ||       5440-5883         4283|---------------------------------------
--                                               ||       5884-6327         4128|--------------------------------------
--                                               ||       6328-6771         4402|----------------------------------------
--                                               ||       6772-7215         4061|-------------------------------------
--                                               ||       7216-7659         3589|---------------------------------
--                                               ||       7660-8103         3031|----------------------------
--                                               ||       8104-8547         2769|--------------------------
--                                               ||       8548-8991         2380|----------------------
--                                               ||       8992-9435         2047|-------------------
--                                               ||       9436-9879         1765|-----------------
--                                               ||       9880-10323        1600|---------------
--                                               ||      10324-10767        1358|-------------
--                                               ||      10768-11211        1064|----------
--                                               ||      11212-11655         945|---------
--                                               ||      11656-12099         789|--------
--                                               ||      12100-12543         707|-------
--                                               ||      12544-12987         624|------
--                                               ||      12988-13431         510|-----
--                                               ||      13432-13875         441|-----
--                                               ||      13876-14319         382|----
--                                               ||      14320-14763         343|----
--                                               ||      14764-15207         255|---
--                                               ||      15208-15651         220|--
--                                               ||      15652-16095         151|--
--                                               ||      16096-16539         109|-
--                                               ||      16540-16983          78|-
--                                               ||      16984-17427          52|-
--                                               ||      17428-17871          32|-
--                                               ||      17872-18315          21|-
--                                               ||      18316-18759          22|-
--                                               ||      18760-19203          10|-
--                                               ||      19204-19647           5|-
--                                               ||      19648-20091           4|-
--                                               ||      20092-20535           2|-
--                                               ||      20536-20979           3|-
--                                               ||      20980-21423           1|-
--                                               ||      21424-21867           0|
--                                               ||      21868-22311           0|
--                                               ||      22312-22755           0|
--                                               ||      22756-23199           1|-
--    
----------------------------------------
-- Starting command on Thu Apr  3 10:23:04 2025 with 6540.419 GB free disk space

    cd correction/0-mercounts
    ./meryl-configure.sh \
    > ./meryl-configure.err 2>&1

-- Finished on Thu Apr  3 10:23:04 2025 (in the blink of an eye) with 6540.418 GB free disk space
----------------------------------------
--  segments   memory batches
--  -------- -------- -------
--        01  1.38 GB       2
--        02  0.69 GB       2
--        04  0.35 GB       2
--
--  For 100836 reads with 533813323 bases, limit to 5 batches.
--  Will count kmers using 01 jobs, each using 3 GB and 4 threads.
--
-- Finished stage 'merylConfigure', reset canuIteration.
--
-- Running jobs.  First attempt out of 2.
----------------------------------------
-- Starting 'meryl' concurrent execution on Thu Apr  3 10:23:05 2025 with 6540.418 GB free disk space (1 processes; 1 concurrently)

    cd correction/0-mercounts
    ./meryl-count.sh 1 > ./meryl-count.000001.out 2>&1

-- Finished on Thu Apr  3 10:24:40 2025 (95 seconds) with 6538.877 GB free disk space
----------------------------------------
-- Found 1 Kmer counting (meryl) outputs.
-- Finished stage 'cor-merylCountCheck', reset canuIteration.
--
-- Running jobs.  First attempt out of 2.
----------------------------------------
-- Starting 'meryl' concurrent execution on Thu Apr  3 10:24:40 2025 with 6538.877 GB free disk space (1 processes; 1 concurrently)

    cd correction/0-mercounts
    ./meryl-process.sh 1 > ./meryl-process.000001.out 2>&1

-- Finished on Thu Apr  3 10:24:59 2025 (19 seconds) with 6538.505 GB free disk space
----------------------------------------
-- Meryl finished successfully.  Kmer frequency histogram:
--
--  16-mers                                                                                           Fraction
--    Occurrences   NumMers                                                                         Unique Total
--       1-     1         0                                                                        0.0000 0.0000
--       2-     2  44779897 ********************************************************************** 0.6022 0.3152
--       3-     4  19325203 ******************************                                         0.7846 0.4583
--       5-     7   5544988 ********                                                               0.9013 0.5908
--       8-    11   1661602 **                                                                     0.9453 0.6679
--      12-    16    797661 *                                                                      0.9618 0.7117
--      17-    22    639664                                                                        0.9713 0.7488
--      23-    29    610128                                                                        0.9796 0.7931
--      30-    37    500796                                                                        0.9876 0.8489
--      38-    46    290171                                                                        0.9939 0.9055
--      47-    56    114194                                                                        0.9974 0.9446
--      57-    67     38942                                                                        0.9988 0.9631
--      68-    79     17297                                                                        0.9993 0.9708
--      80-    92     10152                                                                        0.9995 0.9750
--      93-   106      5694                                                                        0.9996 0.9779
--     107-   121      3277                                                                        0.9997 0.9798
--     122-   137      2282                                                                        0.9997 0.9811
--     138-   154      2110                                                                        0.9998 0.9822
--     155-   172      1968                                                                        0.9998 0.9832
--     173-   191      1537                                                                        0.9998 0.9843
--     192-   211      1495                                                                        0.9998 0.9853
--     212-   232      1734                                                                        0.9999 0.9864
--     233-   254      1799                                                                        0.9999 0.9878
--     255-   277      1614                                                                        0.9999 0.9893
--     278-   301      1151                                                                        0.9999 0.9908
--     302-   326       742                                                                        0.9999 0.9920
--     327-   352       516                                                                        1.0000 0.9928
--     353-   379       499                                                                        1.0000 0.9934
--     380-   407       471                                                                        1.0000 0.9940
--     408-   436       404                                                                        1.0000 0.9947
--     437-   466       266                                                                        1.0000 0.9953
--     467-   497       222                                                                        1.0000 0.9957
--     498-   529       141                                                                        1.0000 0.9960
--     530-   562        86                                                                        1.0000 0.9963
--     563-   596        47                                                                        1.0000 0.9965
--     597-   631        47                                                                        1.0000 0.9966
--     632-   667        27                                                                        1.0000 0.9967
--     668-   704        24                                                                        1.0000 0.9967
--     705-   742        29                                                                        1.0000 0.9968
--     743-   781        26                                                                        1.0000 0.9968
--     782-   821        27                                                                        1.0000 0.9969
--
--           0 (max occurrences)
--   284160311 (total mers, non-unique)
--    74359185 (distinct mers, non-unique)
--           0 (unique mers)
-- Finished stage 'meryl-process', reset canuIteration.
--
-- Removing meryl database 'correction/0-mercounts/genome_assembly.ms16'.
--
-- OVERLAPPER (mhap) (correction)
--
-- Set corMhapSensitivity=low based on read coverage of 177.93.
--
-- PARAMETERS: hashes=256, minMatches=3, threshold=0.8
--
-- Given 5.4 GB, can fit 16200 reads per block.
-- For 8 blocks, set stride to 2 blocks.
-- Logging partitioning to 'correction/1-overlapper/partitioning.log'.
-- Configured 7 mhap precompute jobs.
-- Configured 13 mhap overlap jobs.
-- Finished stage 'cor-mhapConfigure', reset canuIteration.
--
-- Running jobs.  First attempt out of 2.
----------------------------------------
-- Starting 'cormhap' concurrent execution on Thu Apr  3 10:25:00 2025 with 6538.505 GB free disk space (7 processes; 1 concurrently)

    cd correction/1-overlapper
    ./precompute.sh 1 > ./precompute.000001.out 2>&1
    ./precompute.sh 2 > ./precompute.000002.out 2>&1
    ./precompute.sh 3 > ./precompute.000003.out 2>&1
    ./precompute.sh 4 > ./precompute.000004.out 2>&1
    ./precompute.sh 5 > ./precompute.000005.out 2>&1
    ./precompute.sh 6 > ./precompute.000006.out 2>&1
    ./precompute.sh 7 > ./precompute.000007.out 2>&1

-- Finished on Thu Apr  3 11:11:14 2025 (2774 seconds) with 6440.805 GB free disk space
----------------------------------------
-- All 7 mhap precompute jobs finished successfully.
-- Finished stage 'cor-mhapPrecomputeCheck', reset canuIteration.
--
-- Running jobs.  First attempt out of 2.
----------------------------------------
-- Starting 'cormhap' concurrent execution on Thu Apr  3 11:11:14 2025 with 6440.804 GB free disk space (13 processes; 1 concurrently)

    cd correction/1-overlapper
    ./mhap.sh 1 > ./mhap.000001.out 2>&1
    ./mhap.sh 2 > ./mhap.000002.out 2>&1
    ./mhap.sh 3 > ./mhap.000003.out 2>&1
    ./mhap.sh 4 > ./mhap.000004.out 2>&1
    ./mhap.sh 5 > ./mhap.000005.out 2>&1
    ./mhap.sh 6 > ./mhap.000006.out 2>&1
    ./mhap.sh 7 > ./mhap.000007.out 2>&1
    ./mhap.sh 8 > ./mhap.000008.out 2>&1
    ./mhap.sh 9 > ./mhap.000009.out 2>&1
    ./mhap.sh 10 > ./mhap.000010.out 2>&1
    ./mhap.sh 11 > ./mhap.000011.out 2>&1
    ./mhap.sh 12 > ./mhap.000012.out 2>&1
    ./mhap.sh 13 > ./mhap.000013.out 2>&1

-- Finished on Thu Apr  3 11:15:31 2025 (257 seconds) with 6429.378 GB free disk space
----------------------------------------
-- Found 13 mhap overlap output files.
-- Finished stage 'cor-mhapCheck', reset canuIteration.
----------------------------------------
-- Starting command on Thu Apr  3 11:15:31 2025 with 6429.371 GB free disk space

    cd correction
    /sw/bioinfo/canu/2.2/rackham/bin/ovStoreConfig \
     -S ../genome_assembly.seqStore \
     -M 4-8 \
     -L ./1-overlapper/ovljob.files \
     -create ./genome_assembly.ovlStore.config \
     > ./genome_assembly.ovlStore.config.txt \
    2> ./genome_assembly.ovlStore.config.err

-- Finished on Thu Apr  3 11:15:31 2025 (lickety-split) with 6429.353 GB free disk space
----------------------------------------
--
-- Creating overlap store correction/genome_assembly.ovlStore using:
--      2 buckets
--      2 slices
--        using at most 1 GB memory each
-- Finished stage 'cor-overlapStoreConfigure', reset canuIteration.
--
-- Running jobs.  First attempt out of 2.
----------------------------------------
-- Starting 'ovB' concurrent execution on Thu Apr  3 11:15:31 2025 with 6429.349 GB free disk space (2 processes; 4 concurrently)

    cd correction/genome_assembly.ovlStore.BUILDING
    ./scripts/1-bucketize.sh 1 > ./logs/1-bucketize.000001.out 2>&1
    ./scripts/1-bucketize.sh 2 > ./logs/1-bucketize.000002.out 2>&1

-- Finished on Thu Apr  3 11:15:33 2025 (2 seconds) with 6428.963 GB free disk space
----------------------------------------
-- Overlap store bucketizer finished.
-- Finished stage 'cor-overlapStoreBucketizerCheck', reset canuIteration.
--
-- Running jobs.  First attempt out of 2.
----------------------------------------
-- Starting 'ovS' concurrent execution on Thu Apr  3 11:15:33 2025 with 6428.963 GB free disk space (2 processes; 4 concurrently)

    cd correction/genome_assembly.ovlStore.BUILDING
    ./scripts/2-sort.sh 1 > ./logs/2-sort.000001.out 2>&1
    ./scripts/2-sort.sh 2 > ./logs/2-sort.000002.out 2>&1

-- Finished on Thu Apr  3 11:15:37 2025 (4 seconds) with 6428.557 GB free disk space
----------------------------------------
-- Overlap store sorter finished.
-- Finished stage 'cor-overlapStoreSorterCheck', reset canuIteration.
----------------------------------------
-- Starting command on Thu Apr  3 11:15:37 2025 with 6428.557 GB free disk space

    cd correction
    /sw/bioinfo/canu/2.2/rackham/bin/ovStoreIndexer \
      -O  ./genome_assembly.ovlStore.BUILDING \
      -S ../genome_assembly.seqStore \
      -C  ./genome_assembly.ovlStore.config \
      -delete \
    > ./genome_assembly.ovlStore.BUILDING.index.err 2>&1

-- Finished on Thu Apr  3 11:15:37 2025 (furiously fast) with 6428.547 GB free disk space
----------------------------------------
-- Overlap store indexer finished.
-- Checking store.
----------------------------------------
-- Starting command on Thu Apr  3 11:15:37 2025 with 6428.547 GB free disk space

    cd correction
    /sw/bioinfo/canu/2.2/rackham/bin/ovStoreDump \
     -S ../genome_assembly.seqStore \
     -O  ./genome_assembly.ovlStore \
     -counts \
     > ./genome_assembly.ovlStore/counts.dat 2> ./genome_assembly.ovlStore/counts.err

-- Finished on Thu Apr  3 11:15:37 2025 (fast as lightning) with 6428.546 GB free disk space
----------------------------------------
--
-- Overlap store 'correction/genome_assembly.ovlStore' successfully constructed.
-- Found 7118626 overlaps for 87233 reads; 13603 reads have no overlaps.
--
--
-- Purged 1.775 GB in 33 overlap output files.
-- Finished stage 'cor-createOverlapStore', reset canuIteration.
-- Set corMinCoverage=4 based on read coverage of 177.93.
-- Computing correction layouts.
--   Local  filter coverage   80
--   Global filter coverage   40
----------------------------------------
-- Starting command on Thu Apr  3 11:15:38 2025 with 6428.492 GB free disk space

    cd correction
    /sw/bioinfo/canu/2.2/rackham/bin/generateCorrectionLayouts \
      -S ../genome_assembly.seqStore \
      -O  ./genome_assembly.ovlStore \
      -C  ./genome_assembly.corStore.WORKING \
      -eC 80 \
      -xC 40 \
    > ./genome_assembly.corStore.err 2>&1

-- Finished on Thu Apr  3 11:15:40 2025 (2 seconds) with 6428.307 GB free disk space
----------------------------------------
-- Finished stage 'cor-buildCorrectionLayoutsConfigure', reset canuIteration.
-- Computing correction layouts.
----------------------------------------
-- Starting command on Thu Apr  3 11:15:40 2025 with 6428.307 GB free disk space

    cd correction/2-correction
    /sw/bioinfo/canu/2.2/rackham/bin/filterCorrectionLayouts \
      -S  ../../genome_assembly.seqStore \
      -C     ../genome_assembly.corStore \
      -R      ./genome_assembly.readsToCorrect.WORKING \
      -cc 4 \
      -cl 1000 \
      -g  3000000 \
      -c  40 \
    > ./genome_assembly.readsToCorrect.err 2>&1

-- Finished on Thu Apr  3 11:15:41 2025 (one second) with 6428.241 GB free disk space
----------------------------------------
--                             original      original
--                            raw reads     raw reads
--   category                w/overlaps  w/o/overlaps
--   -------------------- ------------- -------------
--   Number of Reads              77120         23716
--   Number of Bases          424235527      44270436
--   Coverage                   141.412        14.757
--   Median                        4942             0
--   Mean                          5500          1866
--   N50                           7019          5948
--   Minimum                       1000             0
--   Maximum                      21204         20592
--   
--                                        --------corrected---------  ----------rescued----------
--                             evidence                     expected                     expected
--   category                     reads            raw     corrected            raw     corrected
--   -------------------- -------------  ------------- -------------  ------------- -------------
--   Number of Reads              77175          12763         12763            384           384
--   Number of Bases          427037669      126897757     120006614        1707957        815403
--   Coverage                   142.346         42.299        40.002          0.569         0.272
--   Median                        4972           9362          8835           3650          1840
--   Mean                          5533           9942          9402           4447          2123
--   N50                           7012           9895          9206           6013          2420
--   Minimum                       1000           7281          7280           1093          1001
--   Maximum                      20948          19923         18422          17911          5821
--   
--                        --------uncorrected--------
--                                           expected
--   category                       raw     corrected
--   -------------------- ------------- -------------
--   Number of Reads              87689         87689
--   Number of Bases          339900249     184360946
--   Coverage                   113.300        61.454
--   Median                        3540          1192
--   Mean                          3876          2102
--   N50                           5778          4980
--   Minimum                          0             0
--   Maximum                      21204         18970
--   
--   Maximum Memory           714635102
-- Finished stage 'cor-filterCorrectionLayouts', reset canuIteration.
--
-- Correction jobs estimated to need at most 0.665 GB for computation.
-- Correction jobs will request 6 GB each.
--
-- Local: cor        6.000 GB    4 CPUs x   1 job      6.000 GB   4 CPUs  (read correction)
--
--
-- Configuring correction jobs:
--   Reads estimated to need at most 0.665 GB for computation.
--   Jobs will request 6 GB each.
----------------------------------------
-- Starting command on Thu Apr  3 11:15:41 2025 with 6428.238 GB free disk space

    cd correction/2-correction
    ./correctReadsPartition.sh \
    > ./correctReadsPartition.err 2>&1

-- Finished on Thu Apr  3 11:15:41 2025 (in the blink of an eye) with 6428.217 GB free disk space
----------------------------------------
-- Finished stage 'cor-generateCorrectedReadsConfigure', reset canuIteration.
--
-- Running jobs.  First attempt out of 2.
----------------------------------------
-- Starting 'cor' concurrent execution on Thu Apr  3 11:15:41 2025 with 6428.216 GB free disk space (2 processes; 1 concurrently)

    cd correction/2-correction
    ./correctReads.sh 1 > ./correctReads.000001.out 2>&1
    ./correctReads.sh 2 > ./correctReads.000002.out 2>&1

-- Finished on Thu Apr  3 11:51:51 2025 (2170 seconds) with 6436.536 GB free disk space
----------------------------------------
-- Found 2 read correction output files.
-- Finished stage 'cor-generateCorrectedReadsCheck', reset canuIteration.
-- Found 2 read correction output files.
-- Finished stage 'cor-generateCorrectedReadsCheck', reset canuIteration.
--
-- Loading corrected reads into corStore and seqStore.
----------------------------------------
-- Starting command on Thu Apr  3 11:51:51 2025 with 6436.534 GB free disk space

    cd correction
    /sw/bioinfo/canu/2.2/rackham/bin/loadCorrectedReads \
      -S ../genome_assembly.seqStore \
      -C ./genome_assembly.corStore \
      -L ./2-correction/corjob.files \
    >  ./genome_assembly.loadCorrectedReads.log \
    2> ./genome_assembly.loadCorrectedReads.err

-- Finished on Thu Apr  3 11:51:54 2025 (3 seconds) with 6436.297 GB free disk space
----------------------------------------
--
-- In sequence store './genome_assembly.seqStore':
--   Found 12708 reads.
--   Found 107080188 bases (35.69 times coverage).
--    Histogram of corrected reads:
--    
--    G=107080188                        sum of  ||               length     num
--    NG         length     index       lengths  ||                range    seqs
--    ----- ------------ --------- ------------  ||  ------------------- -------
--    00010        12114       795     10717841  ||       1002-1336           87|----
--    00020        10625      1745     21421976  ||       1337-1671           49|---
--    00030         9741      2799     32125162  ||       1672-2006           44|--
--    00040         9058      3941     42840380  ||       2007-2341           45|--
--    00050         8515      5162     53542036  ||       2342-2676           35|--
--    00060         8087      6453     64251469  ||       2677-3011           45|--
--    00070         7706      7809     74958417  ||       3012-3346           38|--
--    00080         7365      9231     85665954  ||       3347-3681           45|--
--    00090         7019     10718     96372218  ||       3682-4016           43|--
--    00100         1002     12707    107080188  ||       4017-4351           47|---
--    001.000x               12708    107080188  ||       4352-4686           72|----
--                                               ||       4687-5021           85|----
--                                               ||       5022-5356           68|---
--                                               ||       5357-5691           92|----
--                                               ||       5692-6026          135|------
--                                               ||       6027-6361          136|------
--                                               ||       6362-6696          297|-------------
--                                               ||       6697-7031          665|-----------------------------
--                                               ||       7032-7366         1456|---------------------------------------------------------------
--                                               ||       7367-7701         1392|-------------------------------------------------------------
--                                               ||       7702-8036         1206|-----------------------------------------------------
--                                               ||       8037-8371         1057|----------------------------------------------
--                                               ||       8372-8706          900|---------------------------------------
--                                               ||       8707-9041          696|-------------------------------
--                                               ||       9042-9376          601|---------------------------
--                                               ||       9377-9711          533|------------------------
--                                               ||       9712-10046         451|--------------------
--                                               ||      10047-10381         393|------------------
--                                               ||      10382-10716         338|---------------
--                                               ||      10717-11051         270|------------
--                                               ||      11052-11386         211|----------
--                                               ||      11387-11721         206|---------
--                                               ||      11722-12056         148|-------
--                                               ||      12057-12391         150|-------
--                                               ||      12392-12726         136|------
--                                               ||      12727-13061          99|-----
--                                               ||      13062-13396         110|-----
--                                               ||      13397-13731          61|---
--                                               ||      13732-14066          62|---
--                                               ||      14067-14401          54|---
--                                               ||      14402-14736          31|--
--                                               ||      14737-15071          30|--
--                                               ||      15072-15406          28|--
--                                               ||      15407-15741          19|-
--                                               ||      15742-16076          16|-
--                                               ||      16077-16411          11|-
--                                               ||      16412-16746           6|-
--                                               ||      16747-17081           5|-
--                                               ||      17082-17416           0|
--                                               ||      17417-17751           4|-
--    
--
-- Purging correctReads output after loading into stores.
-- Purged 2 .cns outputs.
-- Purged 4 .out job log outputs.
--
-- No corrected reads generated, overlaps used for correction saved.
-- Finished stage 'cor-loadCorrectedReads', reset canuIteration.
----------------------------------------
-- Starting command on Thu Apr  3 11:51:54 2025 with 6436.288 GB free disk space

    cd .
    /sw/bioinfo/canu/2.2/rackham/bin/sqStoreDumpFASTQ \
      -corrected \
      -S ./genome_assembly.seqStore \
      -o ./genome_assembly.correctedReads.gz \
      -fasta \
      -nolibname \
    > genome_assembly.correctedReads.fasta.err 2>&1

-- Finished on Thu Apr  3 11:51:58 2025 (4 seconds) with 6436.379 GB free disk space
----------------------------------------
--
-- Corrected reads saved in 'genome_assembly.correctedReads.fasta.gz'.
-- Finished stage 'cor-dumpCorrectedReads', reset canuIteration.
--
-- BEGIN TRIMMING
----------------------------------------
-- Starting command on Thu Apr  3 11:51:58 2025 with 6436.379 GB free disk space

    cd trimming/0-mercounts
    ./meryl-configure.sh \
    > ./meryl-configure.err 2>&1

-- Finished on Thu Apr  3 11:51:58 2025 (lickety-split) with 6436.355 GB free disk space
----------------------------------------
--  segments   memory batches
--  -------- -------- -------
--        01  0.43 GB       2
--
--  For 12708 reads with 107080188 bases, limit to 1 batch.
--  Will count kmers using 01 jobs, each using 2 GB and 4 threads.
--
-- Finished stage 'merylConfigure', reset canuIteration.
--
-- Running jobs.  First attempt out of 2.
----------------------------------------
-- Starting 'meryl' concurrent execution on Thu Apr  3 11:51:58 2025 with 6436.354 GB free disk space (1 processes; 1 concurrently)

    cd trimming/0-mercounts
    ./meryl-count.sh 1 > ./meryl-count.000001.out 2>&1

-- Finished on Thu Apr  3 11:52:11 2025 (13 seconds) with 6436.683 GB free disk space
----------------------------------------
-- Found 1 Kmer counting (meryl) outputs.
-- Finished stage 'obt-merylCountCheck', reset canuIteration.
--
-- Running jobs.  First attempt out of 2.
----------------------------------------
-- Starting 'meryl' concurrent execution on Thu Apr  3 11:52:11 2025 with 6436.683 GB free disk space (1 processes; 1 concurrently)

    cd trimming/0-mercounts
    ./meryl-process.sh 1 > ./meryl-process.000001.out 2>&1

-- Finished on Thu Apr  3 11:52:13 2025 (2 seconds) with 6437.277 GB free disk space
----------------------------------------
-- Meryl finished successfully.  Kmer frequency histogram:
--
--  22-mers                                                                                           Fraction
--    Occurrences   NumMers                                                                         Unique Total
--       1-     1         0                                                                        0.0000 0.0000
--       2-     2    264853 **************************************                                 0.0812 0.0051
--       3-     4    131059 *******************                                                    0.1068 0.0076
--       5-     7    103512 ***************                                                        0.1318 0.0110
--       8-    11    199055 *****************************                                          0.1659 0.0186
--      12-    16    241003 ***********************************                                    0.2292 0.0397
--      17-    22    294859 ******************************************                             0.3034 0.0750
--      23-    29    384221 *******************************************************                0.3931 0.1329
--      30-    37    480423 ********************************************************************** 0.5147 0.2370
--      38-    46    478338 *********************************************************************  0.6592 0.3938
--      47-    56    376709 ******************************************************                 0.8039 0.5899
--      57-    67    199054 *****************************                                          0.9133 0.7698
--      68-    79     55178 ********                                                               0.9693 0.8797
--      80-    92     16857 **                                                                     0.9838 0.9131
--      93-   106      6392                                                                        0.9887 0.9265
--     107-   121      8914 *                                                                      0.9905 0.9324
--     122-   137      3996                                                                        0.9934 0.9431
--     138-   154      1149                                                                        0.9944 0.9472
--     155-   172      1513                                                                        0.9948 0.9486
--     173-   191      2191                                                                        0.9953 0.9513
--     192-   211      1076                                                                        0.9959 0.9549
--     212-   232      1454                                                                        0.9962 0.9571
--     233-   254       931                                                                        0.9967 0.9602
--     255-   277      1277                                                                        0.9969 0.9622
--     278-   301      1011                                                                        0.9973 0.9655
--     302-   326      1013                                                                        0.9977 0.9685
--     327-   352       323                                                                        0.9980 0.9714
--     353-   379      1560                                                                        0.9981 0.9725
--     380-   407      2941                                                                        0.9986 0.9783
--     408-   436       162                                                                        0.9994 0.9895
--     437-   466        29                                                                        0.9995 0.9899
--     467-   497        29                                                                        0.9995 0.9900
--     498-   529        74                                                                        0.9995 0.9901
--     530-   562       192                                                                        0.9995 0.9905
--     563-   596       461                                                                        0.9996 0.9916
--     597-   631       250                                                                        0.9997 0.9941
--     632-   667       408                                                                        0.9998 0.9957
--     668-   704       208                                                                        0.9999 0.9982
--     705-   742         8                                                                        1.0000 0.9995
--     743-   781         5                                                                        1.0000 0.9996
--     782-   821         7                                                                        1.0000 0.9996
--
--           0 (max occurrences)
--   103315734 (total mers, non-unique)
--     3262724 (distinct mers, non-unique)
--           0 (unique mers)
-- Finished stage 'meryl-process', reset canuIteration.
--
-- Removing meryl database 'trimming/0-mercounts/genome_assembly.ms22'.
--
-- OVERLAPPER (normal) (trimming) erate=0.045
--
----------------------------------------
-- Starting command on Thu Apr  3 11:52:13 2025 with 6437.275 GB free disk space

    cd trimming/1-overlapper
    /sw/bioinfo/canu/2.2/rackham/bin/overlapInCorePartition \
     -S  ../../genome_assembly.seqStore \
     -hl 80000000 \
     -rl 1000000000 \
     -ol 500 \
     -o  ./genome_assembly.partition \
    > ./genome_assembly.partition.err 2>&1

-- Finished on Thu Apr  3 11:52:13 2025 (lickety-split) with 6437.27 GB free disk space
----------------------------------------
--
-- Configured 2 overlapInCore jobs.
-- Finished stage 'obt-overlapConfigure', reset canuIteration.
--
-- Running jobs.  First attempt out of 2.
----------------------------------------
-- Starting 'obtovl' concurrent execution on Thu Apr  3 11:52:13 2025 with 6437.27 GB free disk space (2 processes; 1 concurrently)

    cd trimming/1-overlapper
    ./overlap.sh 1 > ./overlap.000001.out 2>&1
    ./overlap.sh 2 > ./overlap.000002.out 2>&1

-- Finished on Thu Apr  3 11:55:25 2025 (192 seconds) with 6443.402 GB free disk space
----------------------------------------
-- Found 2 overlapInCore output files.
--
-- overlapInCore compute 'trimming/1-overlapper':
--   kmer hits
--     with no overlap          3275050     1637525 +- 284587.852
--     with an overlap          1089473    544736.5 +- 82009.537
--
--   overlaps                   1089077    544538.5 +- 81957.211
--     contained                      0           0 +- 0
--     dovetail                       0           0 +- 0
--
--   overlaps rejected
--     multiple per pair              0           0 +- 0
--     bad short window               0           0 +- 0
--     bad long window                0           0 +- 0
-- Finished stage 'obt-overlapCheck', reset canuIteration.
----------------------------------------
-- Starting command on Thu Apr  3 11:55:25 2025 with 6443.401 GB free disk space

    cd trimming
    /sw/bioinfo/canu/2.2/rackham/bin/ovStoreConfig \
     -S ../genome_assembly.seqStore \
     -M 3 \
     -L ./1-overlapper/ovljob.files \
     -create ./genome_assembly.ovlStore.config \
     > ./genome_assembly.ovlStore.config.txt \
    2> ./genome_assembly.ovlStore.config.err

-- Finished on Thu Apr  3 11:55:25 2025 (lickety-split) with 6443.398 GB free disk space
----------------------------------------
--
-- Creating overlap store trimming/genome_assembly.ovlStore using:
--      2 buckets
--      2 slices
--        using at most 1 GB memory each
-- Finished stage 'obt-overlapStoreConfigure', reset canuIteration.
--
-- Running jobs.  First attempt out of 2.
----------------------------------------
-- Starting 'ovB' concurrent execution on Thu Apr  3 11:55:25 2025 with 6443.398 GB free disk space (2 processes; 4 concurrently)

    cd trimming/genome_assembly.ovlStore.BUILDING
    ./scripts/1-bucketize.sh 1 > ./logs/1-bucketize.000001.out 2>&1
    ./scripts/1-bucketize.sh 2 > ./logs/1-bucketize.000002.out 2>&1

-- Finished on Thu Apr  3 11:55:26 2025 (one second) with 6444.074 GB free disk space
----------------------------------------
-- Overlap store bucketizer finished.
-- Finished stage 'obt-overlapStoreBucketizerCheck', reset canuIteration.
--
-- Running jobs.  First attempt out of 2.
----------------------------------------
-- Starting 'ovS' concurrent execution on Thu Apr  3 11:55:26 2025 with 6444.074 GB free disk space (2 processes; 4 concurrently)

    cd trimming/genome_assembly.ovlStore.BUILDING
    ./scripts/2-sort.sh 1 > ./logs/2-sort.000001.out 2>&1
    ./scripts/2-sort.sh 2 > ./logs/2-sort.000002.out 2>&1

-- Finished on Thu Apr  3 11:55:28 2025 (2 seconds) with 6443.961 GB free disk space
----------------------------------------
-- Overlap store sorter finished.
-- Finished stage 'obt-overlapStoreSorterCheck', reset canuIteration.
----------------------------------------
-- Starting command on Thu Apr  3 11:55:28 2025 with 6443.96 GB free disk space

    cd trimming
    /sw/bioinfo/canu/2.2/rackham/bin/ovStoreIndexer \
      -O  ./genome_assembly.ovlStore.BUILDING \
      -S ../genome_assembly.seqStore \
      -C  ./genome_assembly.ovlStore.config \
      -delete \
    > ./genome_assembly.ovlStore.BUILDING.index.err 2>&1

-- Finished on Thu Apr  3 11:55:28 2025 (fast as lightning) with 6443.947 GB free disk space
----------------------------------------
-- Overlap store indexer finished.
-- Checking store.
----------------------------------------
-- Starting command on Thu Apr  3 11:55:28 2025 with 6443.947 GB free disk space

    cd trimming
    /sw/bioinfo/canu/2.2/rackham/bin/ovStoreDump \
     -S ../genome_assembly.seqStore \
     -O  ./genome_assembly.ovlStore \
     -counts \
     > ./genome_assembly.ovlStore/counts.dat 2> ./genome_assembly.ovlStore/counts.err

-- Finished on Thu Apr  3 11:55:28 2025 (furiously fast) with 6443.947 GB free disk space
----------------------------------------
--
-- Overlap store 'trimming/genome_assembly.ovlStore' successfully constructed.
-- Found 2178946 overlaps for 12706 reads; 88130 reads have no overlaps.
--
--
-- Purged 0.02 GB in 6 overlap output files.
-- Finished stage 'obt-createOverlapStore', reset canuIteration.
----------------------------------------
-- Starting command on Thu Apr  3 11:55:28 2025 with 6443.935 GB free disk space

    cd trimming/3-overlapbasedtrimming
    /sw/bioinfo/canu/2.2/rackham/bin/trimReads \
      -S  ../../genome_assembly.seqStore \
      -O  ../genome_assembly.ovlStore \
      -Co ./genome_assembly.1.trimReads.clear \
      -e  0.045 \
      -minlength 1000 \
      -ol 500 \
      -oc 2 \
      -o  ./genome_assembly.1.trimReads \
    >     ./genome_assembly.1.trimReads.err 2>&1

-- Finished on Thu Apr  3 11:55:30 2025 (2 seconds) with 6443.811 GB free disk space
----------------------------------------
--  PARAMETERS:
--  ----------
--     1000    (reads trimmed below this many bases are deleted)
--   0.0450    (use overlaps at or below this fraction error)
--      500    (break region if overlap is less than this long, for 'largest covered' algorithm)
--        2    (break region if overlap coverage is less than this many reads, for 'largest covered' algorithm)
--  
--  INPUT READS:
--  -----------
--  100836 reads    107080188 bases (reads processed)
--       0 reads            0 bases (reads not processed, previously deleted)
--       0 reads            0 bases (reads not processed, in a library where trimming isn't allowed)
--  
--  OUTPUT READS:
--  ------------
--    7594 reads     59783619 bases (trimmed reads output)
--    5065 reads     42511858 bases (reads with no change, kept as is)
--   88130 reads         3859 bases (reads with no overlaps, deleted)
--      47 reads       110212 bases (reads with short trimmed length, deleted)
--  
--  TRIMMING DETAILS:
--  ----------------
--    4691 reads      1928264 bases (bases trimmed from the 5' end of a read)
--    4556 reads      2742376 bases (bases trimmed from the 3' end of a read)
-- Finished stage 'obt-trimReads', reset canuIteration.
----------------------------------------
-- Starting command on Thu Apr  3 11:55:30 2025 with 6443.809 GB free disk space

    cd trimming/3-overlapbasedtrimming
    /sw/bioinfo/canu/2.2/rackham/bin/splitReads \
      -S  ../../genome_assembly.seqStore \
      -O  ../genome_assembly.ovlStore \
      -Ci ./genome_assembly.1.trimReads.clear \
      -Co ./genome_assembly.2.splitReads.clear \
      -e  0.045 \
      -minlength 1000 \
      -o  ./genome_assembly.2.splitReads \
    >     ./genome_assembly.2.splitReads.err 2>&1

-- Finished on Thu Apr  3 11:55:31 2025 (one second) with 6443.774 GB free disk space
----------------------------------------
--  PARAMETERS:
--  ----------
--     1000    (reads trimmed below this many bases are deleted)
--   0.0450    (use overlaps at or below this fraction error)
--  INPUT READS:
--  -----------
--   12659 reads    106966117 bases (reads processed)
--   88177 reads       114071 bases (reads not processed, previously deleted)
--       0 reads            0 bases (reads not processed, in a library where trimming isn't allowed)
--  
--  PROCESSED:
--  --------
--       0 reads            0 bases (no overlaps)
--       1 reads         2645 bases (no coverage after adjusting for trimming done already)
--       0 reads            0 bases (processed for chimera)
--       0 reads            0 bases (processed for spur)
--   12658 reads    106963472 bases (processed for subreads)
--  
--  READS WITH SIGNALS:
--  ------------------
--       0 reads            0 signals (number of 5' spur signal)
--       0 reads            0 signals (number of 3' spur signal)
--       0 reads            0 signals (number of chimera signal)
--      13 reads           13 signals (number of subread signal)
--  
--  SIGNALS:
--  -------
--       0 reads            0 bases (size of 5' spur signal)
--       0 reads            0 bases (size of 3' spur signal)
--       0 reads            0 bases (size of chimera signal)
--      13 reads         4774 bases (size of subread signal)
--  
--  TRIMMING:
--  --------
--       4 reads        18480 bases (trimmed from the 5' end of the read)
--       9 reads        36575 bases (trimmed from the 3' end of the read)
-- Finished stage 'obt-splitReads', reset canuIteration.
----------------------------------------
-- Starting command on Thu Apr  3 11:55:31 2025 with 6443.773 GB free disk space

    cd trimming/3-overlapbasedtrimming
    /sw/bioinfo/canu/2.2/rackham/bin/loadTrimmedReads \
      -S ../../genome_assembly.seqStore \
      -c ./genome_assembly.2.splitReads.clear \
    > ./genome_assembly.loadTrimmedReads.err 2>&1

-- Finished on Thu Apr  3 11:55:31 2025 (lickety-split) with 6443.721 GB free disk space
----------------------------------------
--
-- In sequence store './genome_assembly.seqStore':
--   Found 12659 reads.
--   Found 102240422 bases (34.08 times coverage).
--    Histogram of corrected-trimmed reads:
--    
--    G=102240422                        sum of  ||               length     num
--    NG         length     index       lengths  ||                range    seqs
--    ----- ------------ --------- ------------  ||  ------------------- -------
--    00010        11349       810     10230956  ||       1001-1320           84|----
--    00020        10114      1771     20455535  ||       1321-1640           58|---
--    00030         9309      2826     30675118  ||       1641-1960           36|--
--    00040         8715      3963     40904538  ||       1961-2280           52|---
--    00050         8259      5169     51125784  ||       2281-2600           44|--
--    00060         7885      6436     61345785  ||       2601-2920           46|---
--    00070         7527      7765     71573851  ||       2921-3240           53|---
--    00080         7201      9154     81795947  ||       3241-3560           52|---
--    00090         6740     10612     92018042  ||       3561-3880           44|--
--    00100         1001     12658    102240422  ||       3881-4200           60|---
--    001.000x               12659    102240422  ||       4201-4520           80|----
--                                               ||       4521-4840          115|------
--                                               ||       4841-5160          116|------
--                                               ||       5161-5480          112|-----
--                                               ||       5481-5800          166|--------
--                                               ||       5801-6120          249|-----------
--                                               ||       6121-6440          267|------------
--                                               ||       6441-6760          448|--------------------
--                                               ||       6761-7080          884|---------------------------------------
--                                               ||       7081-7400         1429|---------------------------------------------------------------
--                                               ||       7401-7720         1262|--------------------------------------------------------
--                                               ||       7721-8040         1132|--------------------------------------------------
--                                               ||       8041-8360         1003|---------------------------------------------
--                                               ||       8361-8680          828|-------------------------------------
--                                               ||       8681-9000          654|-----------------------------
--                                               ||       9001-9320          579|--------------------------
--                                               ||       9321-9640          462|---------------------
--                                               ||       9641-9960          401|------------------
--                                               ||       9961-10280         362|----------------
--                                               ||      10281-10600         283|-------------
--                                               ||      10601-10920         255|------------
--                                               ||      10921-11240         181|--------
--                                               ||      11241-11560         166|--------
--                                               ||      11561-11880         138|-------
--                                               ||      11881-12200          99|-----
--                                               ||      12201-12520         104|-----
--                                               ||      12521-12840          82|----
--                                               ||      12841-13160          74|----
--                                               ||      13161-13480          51|---
--                                               ||      13481-13800          35|--
--                                               ||      13801-14120          29|--
--                                               ||      14121-14440          23|--
--                                               ||      14441-14760          16|-
--                                               ||      14761-15080          16|-
--                                               ||      15081-15400           9|-
--                                               ||      15401-15720           8|-
--                                               ||      15721-16040           5|-
--                                               ||      16041-16360           4|-
--                                               ||      16361-16680           2|-
--                                               ||      16681-17000           1|-
--    
--
-- No trimmed reads generated, overlaps used for trimming saved.
-- Finished stage 'obt-dumpReads', reset canuIteration.
----------------------------------------
-- Starting command on Thu Apr  3 11:55:32 2025 with 6443.718 GB free disk space

    cd .
    /sw/bioinfo/canu/2.2/rackham/bin/sqStoreDumpFASTQ \
      -trimmed \
      -S ./genome_assembly.seqStore \
      -o ./genome_assembly.trimmedReads.gz \
      -fasta \
      -trimmed -normal -nolibname \
    > ./genome_assembly.trimmedReads.fasta.err 2>&1

-- Finished on Thu Apr  3 11:55:35 2025 (3 seconds) with 6443.488 GB free disk space
----------------------------------------
--
-- Trimmed reads saved in 'genome_assembly.trimmedReads.fasta.gz'.
-- Finished stage 'cor-dumpTrimmedReads', reset canuIteration.
--
-- BEGIN ASSEMBLY
----------------------------------------
-- Starting command on Thu Apr  3 11:55:35 2025 with 6443.486 GB free disk space

    cd unitigging/0-mercounts
    ./meryl-configure.sh \
    > ./meryl-configure.err 2>&1

-- Finished on Thu Apr  3 11:55:35 2025 (fast as lightning) with 6443.462 GB free disk space
----------------------------------------
--  segments   memory batches
--  -------- -------- -------
--        01  0.41 GB       2
--
--  For 12659 reads with 102240422 bases, limit to 1 batch.
--  Will count kmers using 01 jobs, each using 2 GB and 4 threads.
--
-- Finished stage 'merylConfigure', reset canuIteration.
--
-- Running jobs.  First attempt out of 2.
----------------------------------------
-- Starting 'meryl' concurrent execution on Thu Apr  3 11:55:35 2025 with 6443.461 GB free disk space (1 processes; 1 concurrently)

    cd unitigging/0-mercounts
    ./meryl-count.sh 1 > ./meryl-count.000001.out 2>&1

-- Finished on Thu Apr  3 11:55:47 2025 (12 seconds) with 6444.009 GB free disk space
----------------------------------------
-- Found 1 Kmer counting (meryl) outputs.
-- Finished stage 'utg-merylCountCheck', reset canuIteration.
--
-- Running jobs.  First attempt out of 2.
----------------------------------------
-- Starting 'meryl' concurrent execution on Thu Apr  3 11:55:47 2025 with 6444.008 GB free disk space (1 processes; 1 concurrently)

    cd unitigging/0-mercounts
    ./meryl-process.sh 1 > ./meryl-process.000001.out 2>&1

-- Finished on Thu Apr  3 11:55:49 2025 (2 seconds) with 6444.132 GB free disk space
----------------------------------------
-- Meryl finished successfully.  Kmer frequency histogram:
--
--  22-mers                                                                                           Fraction
--    Occurrences   NumMers                                                                         Unique Total
--       1-     1         0                                                                        0.0000 0.0000
--       2-     2    225894 ********************************                                       0.0708 0.0046
--       3-     4    114827 ****************                                                       0.0942 0.0068
--       5-     7    111657 ****************                                                       0.1190 0.0104
--       8-    11    200837 *****************************                                          0.1549 0.0185
--      12-    16    244442 ***********************************                                    0.2194 0.0403
--      17-    22    309881 *********************************************                          0.2981 0.0785
--      23-    29    416445 ************************************************************           0.3946 0.1420
--      30-    37    480649 *********************************************************************  0.5280 0.2582
--      38-    46    481295 ********************************************************************** 0.6761 0.4218
--      47-    56    349992 **************************************************                     0.8240 0.6255
--      57-    67    164396 ***********************                                                0.9269 0.7974
--      68-    79     40261 *****                                                                  0.9735 0.8900
--      80-    92     14508 **                                                                     0.9847 0.9164
--      93-   106      6094                                                                        0.9891 0.9284
--     107-   121      9889 *                                                                      0.9909 0.9343
--     122-   137      1960                                                                        0.9939 0.9454
--     138-   154       745                                                                        0.9945 0.9478
--     155-   172      2509                                                                        0.9947 0.9489
--     173-   191      1422                                                                        0.9955 0.9531
--     192-   211      1988                                                                        0.9960 0.9556
--     212-   232       814                                                                        0.9966 0.9597
--     233-   254       485                                                                        0.9968 0.9614
--     255-   277      1568                                                                        0.9970 0.9627
--     278-   301      1131                                                                        0.9975 0.9668
--     302-   326       393                                                                        0.9978 0.9702
--     327-   352       522                                                                        0.9979 0.9714
--     353-   379      2064                                                                        0.9981 0.9733
--     380-   407      2286                                                                        0.9988 0.9811
--     408-   436        33                                                                        0.9995 0.9897
--     437-   466        36                                                                        0.9995 0.9899
--     467-   497        63                                                                        0.9995 0.9900
--     498-   529        80                                                                        0.9995 0.9904
--     530-   562       443                                                                        0.9995 0.9908
--     563-   596       240                                                                        0.9997 0.9933
--     597-   631       454                                                                        0.9997 0.9946
--     632-   667       308                                                                        0.9999 0.9975
--     668-   704        22                                                                        1.0000 0.9995
--     705-   742         8                                                                        1.0000 0.9996
--     743-   781         5                                                                        1.0000 0.9997
--     782-   821         3                                                                        1.0000 0.9997
--
--           0 (max occurrences)
--    99139173 (total mers, non-unique)
--     3190676 (distinct mers, non-unique)
--           0 (unique mers)
-- Finished stage 'meryl-process', reset canuIteration.
--
-- Removing meryl database 'unitigging/0-mercounts/genome_assembly.ms22'.
--
-- OVERLAPPER (normal) (assembly) erate=0.045
--
----------------------------------------
-- Starting command on Thu Apr  3 11:55:49 2025 with 6444.129 GB free disk space

    cd unitigging/1-overlapper
    /sw/bioinfo/canu/2.2/rackham/bin/overlapInCorePartition \
     -S  ../../genome_assembly.seqStore \
     -hl 80000000 \
     -rl 1000000000 \
     -ol 500 \
     -o  ./genome_assembly.partition \
    > ./genome_assembly.partition.err 2>&1

-- Finished on Thu Apr  3 11:55:49 2025 (furiously fast) with 6444.125 GB free disk space
----------------------------------------
--
-- Configured 2 overlapInCore jobs.
-- Finished stage 'utg-overlapConfigure', reset canuIteration.
--
-- Running jobs.  First attempt out of 2.
----------------------------------------
-- Starting 'utgovl' concurrent execution on Thu Apr  3 11:55:49 2025 with 6444.122 GB free disk space (2 processes; 1 concurrently)

    cd unitigging/1-overlapper
    ./overlap.sh 1 > ./overlap.000001.out 2>&1
    ./overlap.sh 2 > ./overlap.000002.out 2>&1

-- Finished on Thu Apr  3 12:00:54 2025 (305 seconds) with 6490.604 GB free disk space
----------------------------------------
-- Found 2 overlapInCore output files.
--
-- overlapInCore compute 'unitigging/1-overlapper':
--   kmer hits
--     with no overlap          3562017   1781008.5 +- 559087.411
--     with an overlap           491953    245976.5 +- 72500.365
--
--   overlaps                    491953    245976.5 +- 72500.365
--     contained                  70287     35143.5 +- 10171.731
--     dovetail                  421666      210833 +- 62328.634
--
--   overlaps rejected
--     multiple per pair              0           0 +- 0
--     bad short window               0           0 +- 0
--     bad long window                0           0 +- 0
-- Finished stage 'utg-overlapCheck', reset canuIteration.
----------------------------------------
-- Starting command on Thu Apr  3 12:00:54 2025 with 6490.604 GB free disk space

    cd unitigging
    /sw/bioinfo/canu/2.2/rackham/bin/ovStoreConfig \
     -S ../genome_assembly.seqStore \
     -M 3 \
     -L ./1-overlapper/ovljob.files \
     -create ./genome_assembly.ovlStore.config \
     > ./genome_assembly.ovlStore.config.txt \
    2> ./genome_assembly.ovlStore.config.err

-- Finished on Thu Apr  3 12:00:54 2025 (like a bat out of hell) with 6490.604 GB free disk space
----------------------------------------
--
-- Creating overlap store unitigging/genome_assembly.ovlStore using:
--      2 buckets
--      2 slices
--        using at most 1 GB memory each
-- Finished stage 'utg-overlapStoreConfigure', reset canuIteration.
--
-- Running jobs.  First attempt out of 2.
----------------------------------------
-- Starting 'ovB' concurrent execution on Thu Apr  3 12:00:54 2025 with 6490.603 GB free disk space (2 processes; 4 concurrently)

    cd unitigging/genome_assembly.ovlStore.BUILDING
    ./scripts/1-bucketize.sh 1 > ./logs/1-bucketize.000001.out 2>&1
    ./scripts/1-bucketize.sh 2 > ./logs/1-bucketize.000002.out 2>&1

-- Finished on Thu Apr  3 12:00:55 2025 (one second) with 6490.572 GB free disk space
----------------------------------------
-- Overlap store bucketizer finished.
-- Finished stage 'utg-overlapStoreBucketizerCheck', reset canuIteration.
--
-- Running jobs.  First attempt out of 2.
----------------------------------------
-- Starting 'ovS' concurrent execution on Thu Apr  3 12:00:55 2025 with 6490.572 GB free disk space (2 processes; 4 concurrently)

    cd unitigging/genome_assembly.ovlStore.BUILDING
    ./scripts/2-sort.sh 1 > ./logs/2-sort.000001.out 2>&1
    ./scripts/2-sort.sh 2 > ./logs/2-sort.000002.out 2>&1

-- Finished on Thu Apr  3 12:00:56 2025 (one second) with 6490.533 GB free disk space
----------------------------------------
-- Overlap store sorter finished.
-- Finished stage 'utg-overlapStoreSorterCheck', reset canuIteration.
----------------------------------------
-- Starting command on Thu Apr  3 12:00:56 2025 with 6490.533 GB free disk space

    cd unitigging
    /sw/bioinfo/canu/2.2/rackham/bin/ovStoreIndexer \
      -O  ./genome_assembly.ovlStore.BUILDING \
      -S ../genome_assembly.seqStore \
      -C  ./genome_assembly.ovlStore.config \
      -delete \
    > ./genome_assembly.ovlStore.BUILDING.index.err 2>&1

-- Finished on Thu Apr  3 12:00:56 2025 (like a bat out of hell) with 6490.518 GB free disk space
----------------------------------------
-- Overlap store indexer finished.
-- Checking store.
----------------------------------------
-- Starting command on Thu Apr  3 12:00:56 2025 with 6490.518 GB free disk space

    cd unitigging
    /sw/bioinfo/canu/2.2/rackham/bin/ovStoreDump \
     -S ../genome_assembly.seqStore \
     -O  ./genome_assembly.ovlStore \
     -counts \
     > ./genome_assembly.ovlStore/counts.dat 2> ./genome_assembly.ovlStore/counts.err

-- Finished on Thu Apr  3 12:00:56 2025 (in the blink of an eye) with 6490.516 GB free disk space
----------------------------------------
--
-- Overlap store 'unitigging/genome_assembly.ovlStore' successfully constructed.
-- Found 983906 overlaps for 12658 reads; 88178 reads have no overlaps.
--
--
-- Purged 0.009 GB in 6 overlap output files.
----------------------------------------
-- Starting command on Thu Apr  3 12:00:56 2025 with 6490.514 GB free disk space

    cd unitigging
    /sw/bioinfo/canu/2.2/rackham/bin/ovStoreStats \
     -C 34.08 \
     -S ../genome_assembly.seqStore \
     -O  ./genome_assembly.ovlStore \
     -o  ./genome_assembly.ovlStore \
     > ./genome_assembly.ovlStore.summary.err 2>&1

-- Finished on Thu Apr  3 12:00:57 2025 (one second) with 6490.514 GB free disk space
----------------------------------------
--
-- Overlap store 'unitigging/genome_assembly.ovlStore' contains:
--
--   category            reads     %          read length        feature size or coverage  analysis
--   ----------------  -------  -------  ----------------------  ------------------------  --------------------
--   middle-missing          1    0.01     7436.00 +- 0.00           357.00 +- 0.00       (bad trimming)
--   middle-hump             1    0.01     2924.00 +- 0.00           650.00 +- 0.00       (bad trimming)
--   no-5-prime              8    0.06     5065.62 +- 3194.70        147.88 +- 164.25     (bad trimming)
--   no-3-prime              2    0.02     2665.50 +- 2327.09        224.50 +- 236.88     (bad trimming)
--   
--   low-coverage          186    1.47     5250.42 +- 3208.05          6.83 +- 2.48       (easy to assemble, potential for lower quality consensus)
--   unique               6971   55.07     7962.51 +- 2069.34         34.91 +- 9.68       (easy to assemble, perfect, yay)
--   repeat-cont           326    2.58     7063.03 +- 2054.54         85.43 +- 36.40      (potential for consensus errors, no impact on assembly)
--   repeat-dove            12    0.09    11691.67 +- 1094.94         80.85 +- 28.69      (hard to assemble, likely won't assemble correctly or even at all)
--   
--   span-repeat          2155   17.02     8588.37 +- 1984.55       2826.31 +- 2477.22    (read spans a large repeat, usually easy to assemble)
--   uniq-repeat-cont     2479   19.58     7813.87 +- 1566.14                             (should be uniquely placed, low potential for consensus errors, no impact on assembly)
--   uniq-repeat-dove      460    3.63    10517.98 +- 2012.97                             (will end contigs, potential to misassemble)
--   uniq-anchor            57    0.45     9452.46 +- 2106.14       4116.49 +- 2138.69    (repeat read, with unique section, probable bad read)
-- Finished stage 'utg-createOverlapStore', reset canuIteration.
--
-- Loading read lengths.
-- Loading number of overlaps per read.
--
-- Configure RED for 16gb memory.
--                   Batches of at most (unlimited) reads.
--                                      500000000 bases.
--                   Expecting evidence of at most 536870912 bases per iteration.
--
--           Total                                               Reads                 Olaps Evidence
--    Job   Memory      Read Range         Reads        Bases   Memory        Olaps   Memory   Memory  (Memory in MB)
--   ---- -------- ------------------- --------- ------------ -------- ------------ -------- --------
--      1 15578.10         1-100836        12708    102354493 12494.84       983906    11.26  1024.00
--   ---- -------- ------------------- --------- ------------ -------- ------------ -------- --------
--                                                  102354493                983906
-- Finished stage 'readErrorDetectionConfigure', reset canuIteration.
--
-- Running jobs.  First attempt out of 2.
----------------------------------------
-- Starting 'red' concurrent execution on Thu Apr  3 12:00:57 2025 with 6490.513 GB free disk space (1 processes; 1 concurrently)

    cd unitigging/3-overlapErrorAdjustment
    ./red.sh 1 > ./red.000001.out 2>&1

-- Finished on Thu Apr  3 12:01:35 2025 (38 seconds) with 6490.178 GB free disk space
----------------------------------------
-- Found 1 read error detection output files.
-- Finished stage 'readErrorDetectionCheck', reset canuIteration.
--
-- Loading read lengths.
-- Loading number of overlaps per read.
--
-- Configure OEA for 8gb memory.
--                   Batches of at most (unlimited) reads.
--                                      300000000 bases.
--
--           Total                                               Reads                 Olaps  Adjusts
--    Job   Memory      Read Range         Reads        Bases   Memory        Olaps   Memory   Memory  (Memory in MB)
--   ---- -------- ------------------- --------- ------------ -------- ------------ -------- --------
--      1  2510.83         1-100836        12708    102354493   106.00       983906    30.03   326.80
--   ---- -------- ------------------- --------- ------------ -------- ------------ -------- --------
--                                                  102354493                983906
-- Finished stage 'overlapErrorAdjustmentConfigure', reset canuIteration.
--
-- Running jobs.  First attempt out of 2.
----------------------------------------
-- Starting 'oea' concurrent execution on Thu Apr  3 12:01:35 2025 with 6490.168 GB free disk space (1 processes; 4 concurrently)

    cd unitigging/3-overlapErrorAdjustment
    ./oea.sh 1 > ./oea.000001.out 2>&1

-- Finished on Thu Apr  3 12:01:48 2025 (13 seconds) with 6490.12 GB free disk space
----------------------------------------
-- Found 1 overlap error adjustment output files.
-- Finished stage 'overlapErrorAdjustmentCheck', reset canuIteration.
----------------------------------------
-- Starting command on Thu Apr  3 12:01:48 2025 with 6490.12 GB free disk space

    cd unitigging/3-overlapErrorAdjustment
    /sw/bioinfo/canu/2.2/rackham/bin/loadErates \
      -S ../../genome_assembly.seqStore \
      -O ../genome_assembly.ovlStore \
      -L ./oea.files \
    > ./oea.apply.err 2>&1

-- Finished on Thu Apr  3 12:01:48 2025 (like a bat out of hell) with 6490.116 GB free disk space
----------------------------------------
-- No report available.
-- Finished stage 'updateOverlapStore', reset canuIteration.
-- Finished stage 'unitig', reset canuIteration.
--
-- Running jobs.  First attempt out of 2.
----------------------------------------
-- Starting 'bat' concurrent execution on Thu Apr  3 12:01:48 2025 with 6490.114 GB free disk space (1 processes; 1 concurrently)

    cd unitigging/4-unitigger
    ./unitigger.sh 1 > ./unitigger.000001.out 2>&1

-- Finished on Thu Apr  3 12:01:50 2025 (2 seconds) with 6490.176 GB free disk space
----------------------------------------
-- Unitigger finished successfully.
--  
--  ERROR RATES
--  -----------
--                                                   --------threshold------
--  14560                        fraction error      fraction        percent
--  samples                              (1e-5)         error          error
--                   --------------------------      --------       --------
--  command line (-eg)                           ->   4500.00        4.5000%
--  command line (-ef)                           ->  -----.--      ---.----%
--  command line (-eM)                           ->   4500.00        4.5000%
--  mean + std.dev      21.92 +-  12 *    78.60  ->    965.12        0.9651%  (enabled)
--  median + mad         0.00 +-  12 *     0.00  ->      0.00        0.0000%
--  90th percentile                              ->     73.00        0.0730%
--  
--  BEST EDGE FILTERING
--  -------------------
--  At graph threshold 4.5000%, reads:
--    available to have edges:         1916
--    with at least one edge:          1914
--  
--  At max threshold 4.5000%, reads:  (not computed)
--    available to have edges:            0
--    with at least one edge:             0
--  
--  At tight threshold 0.0730%, reads with:
--    both edges below error threshold:      1033  (80.00% minReadsBest threshold = 1531)
--    one  edge  above error threshold:       544
--    both edges above error threshold:       337
--    at least one edge:                     1914
--  
--  At loose threshold 0.9651%, reads with:
--    both edges below error threshold:      1906  (80.00% minReadsBest threshold = 1531)
--    one  edge  above error threshold:         8
--    both edges above error threshold:         0
--    at least one edge:                     1914
--  
--  
--  INITIAL EDGES
--  -------- ----------------------------------------
--     10730 reads are contained
--     88193 reads have no best edges (singleton)
--        13 reads have only one best edge (spur) 
--                 13 are mutual best
--      1900 reads have two best edges 
--                  5 have one mutual best edge
--               1889 have two mutual best edges
--  
--  
--  FINAL EDGES
--  -------- ----------------------------------------
--     10730 reads are contained
--     88198 reads have no best edges (singleton)
--        13 reads have only one best edge (spur) 
--                 11 are mutual best
--      1895 reads have two best edges 
--                  5 have one mutual best edge
--               1886 have two mutual best edges
--  
--  
--  EDGE FILTERING
--  -------- ------------------------------------------
--         0 reads are ignored
--        13 reads have a gap in overlap coverage
--         2 reads have lopsided best edges
-- Found, in version 1, after unitig construction:
--   contigs:      8 sequences, total length 3125222 bp (including 0 repeats of total length 0 bp).
--   bubbles:      1 sequences, total length 15021 bp.
--   unassembled:  33 sequences, total length 169922 bp.
--
-- Contig sizes based on genome size 3mbp:
--
--            NG (bp)  LG (contigs)    sum (bp)
--         ----------  ------------  ----------
--     10     2767828             1     2767828
--     20     2767828             1     2767828
--     30     2767828             1     2767828
--     40     2767828             1     2767828
--     50     2767828             1     2767828
--     60     2767828             1     2767828
--     70     2767828             1     2767828
--     80     2767828             1     2767828
--     90     2767828             1     2767828
--    100       40052             3     3024214
--
-- Finished stage 'unitigCheck', reset canuIteration.
----------------------------------------
-- Starting command on Thu Apr  3 12:01:50 2025 with 6490.176 GB free disk space

    cd unitigging
    /sw/bioinfo/canu/2.2/rackham/bin/utgcns \
      -S ../genome_assembly.seqStore \
      -T  ./genome_assembly.ctgStore 1 \
      -partition 0.8 1 0.1 \
    > ./genome_assembly.ctgStore/partitioning.log 2>&1

-- Finished on Thu Apr  3 12:01:52 2025 (2 seconds) with 6490.115 GB free disk space
----------------------------------------
-- Using slow alignment for consensus (iteration '0').
-- Configured 2 consensus jobs.
-- Finished stage 'consensusConfigure', reset canuIteration.
--
-- Local: cns        3.125 GB    4 CPUs x   1 job      3.125 GB   4 CPUs  (consensus)
--
--
-- Running jobs.  First attempt out of 2.
----------------------------------------
-- Starting 'cns' concurrent execution on Thu Apr  3 12:01:52 2025 with 6490.115 GB free disk space (2 processes; 1 concurrently)

    cd unitigging/5-consensus
    ./consensus.sh 1 > ./consensus.000001.out 2>&1
    ./consensus.sh 2 > ./consensus.000002.out 2>&1

-- Finished on Thu Apr  3 12:03:32 2025 (100 seconds) with 6489.545 GB free disk space
----------------------------------------
-- Using slow alignment for consensus (iteration '1').
-- Configured 2 consensus jobs.
-- All 2 consensus jobs finished successfully.
-- Finished stage 'consensusCheck', reset canuIteration.
-- Using slow alignment for consensus (iteration '0').
-- Configured 2 consensus jobs.
----------------------------------------
-- Starting command on Thu Apr  3 12:03:32 2025 with 6489.545 GB free disk space

    cd unitigging
    /sw/bioinfo/canu/2.2/rackham/bin/tgStoreLoad \
      -S ../genome_assembly.seqStore \
      -T  ./genome_assembly.ctgStore 2 \
      -L ./5-consensus/ctgcns.files \
    > ./5-consensus/ctgcns.files.ctgStoreLoad.err 2>&1

-- Finished on Thu Apr  3 12:03:32 2025 (in the blink of an eye) with 6489.538 GB free disk space
----------------------------------------
-- Purging consensus output after loading to ctgStore.
-- Purged 2 .cns outputs.
----------------------------------------
-- Starting command on Thu Apr  3 12:03:32 2025 with 6489.538 GB free disk space

    cd unitigging
    /sw/bioinfo/canu/2.2/rackham/bin/tgStoreDump \
      -S ../genome_assembly.seqStore \
      -T ./genome_assembly.ctgStore 2 \
      -sizes -s 3000000 \
    > ./genome_assembly.ctgStore/seqDB.v002.sizes.txt

-- Finished on Thu Apr  3 12:03:32 2025 (in the blink of an eye) with 6489.538 GB free disk space
----------------------------------------
-- Found, in version 2, after consensus generation:
--   contigs:      8 sequences, total length 3120557 bp (including 0 repeats of total length 0 bp).
--   bubbles:      1 sequences, total length 15016 bp.
--   unassembled:  33 sequences, total length 169922 bp.
--
-- Contig sizes based on genome size 3mbp:
--
--            NG (bp)  LG (contigs)    sum (bp)
--         ----------  ------------  ----------
--     10     2763567             1     2763567
--     20     2763567             1     2763567
--     30     2763567             1     2763567
--     40     2763567             1     2763567
--     50     2763567             1     2763567
--     60     2763567             1     2763567
--     70     2763567             1     2763567
--     80     2763567             1     2763567
--     90     2763567             1     2763567
--    100       40014             3     3019582
--
-- Finished stage 'consensusLoad', reset canuIteration.
----------------------------------------
-- Starting command on Thu Apr  3 12:03:32 2025 with 6489.538 GB free disk space

    cd .
    /sw/bioinfo/canu/2.2/rackham/bin/tgStoreDump \
      -S ./genome_assembly.seqStore \
      -T ./unitigging/genome_assembly.ctgStore 2 \
      -o ./genome_assembly.contigs \
      -layout \
    > ./genome_assembly.contigs.layout.err 2>&1

-- Finished on Thu Apr  3 12:03:32 2025 (fast as lightning) with 6489.538 GB free disk space
----------------------------------------
----------------------------------------
-- Starting command on Thu Apr  3 12:03:32 2025 with 6489.538 GB free disk space

    cd .
    /sw/bioinfo/canu/2.2/rackham/bin/tgStoreDump \
      -S ./genome_assembly.seqStore \
      -T ./unitigging/genome_assembly.ctgStore 2 \
      -consensus -fasta \
      -unassembled \
    > ./genome_assembly.unassembled.fasta
    2> ./genome_assembly.unassembled.err

-- Finished on Thu Apr  3 12:03:33 2025 (one second) with 6489.537 GB free disk space
----------------------------------------
----------------------------------------
-- Starting command on Thu Apr  3 12:03:33 2025 with 6489.537 GB free disk space

    cd .
    /sw/bioinfo/canu/2.2/rackham/bin/tgStoreDump \
      -S ./genome_assembly.seqStore \
      -T ./unitigging/genome_assembly.ctgStore 2 \
      -consensus -fasta \
      -contigs \
    > ./genome_assembly.contigs.fasta
    2> ./genome_assembly.contigs.err

-- Finished on Thu Apr  3 12:03:33 2025 (fast as lightning) with 6489.534 GB free disk space
----------------------------------------
-- Finished stage 'generateOutputs', reset canuIteration.
--
-- Assembly 'genome_assembly' finished in '/domus/h1/elro9391/Genome_Analysis_Enterococcus_Faecium/analyses/genome_assembly_output'.
--
-- Summary saved in 'genome_assembly.report'.
--
-- Sequences saved:
--   Contigs       -> 'genome_assembly.contigs.fasta'
--   Unassembled   -> 'genome_assembly.unassembled.fasta'
--
-- Read layouts saved:
--   Contigs       -> 'genome_assembly.contigs.layout'.
--
-- Bye.
