
Found 1 command tree.

Counting 509 (estimated) million canonical 16-mers from 1 input file:
    canu-seqStore: ../../genome_assembly.seqStore


SIMPLE MODE
-----------

  16-mers
    -> 4294967296 entries for counts up to 65535.
    -> 64 Gbits memory used

  533813323 input bases
    -> expected max count of 2135253, needing 7 extra bits.
    -> 28 Gbits memory used

  11 GB memory needed


COMPLEX MODE
------------

prefix     # of   struct   kmers/    segs/      min     data    total
  bits   prefix   memory   prefix   prefix   memory   memory   memory
------  -------  -------  -------  -------  -------  -------  -------
     1     2  P  1979 kB   127 MM   123 kS  8192  B   986 MB   988 MB
     2     4  P  1922 kB    63 MM    59 kS    16 kB   954 MB   956 MB
     3     8  P  1872 kB    31 MM    28 kS    32 kB   923 MB   925 MB
     4    16  P  1832 kB    15 MM    13 kS    64 kB   891 MB   892 MB
     5    32  P  1820 kB  8145 kM  6877  S   128 kB   859 MB   861 MB
     6    64  P  1857 kB  4072 kM  3310  S   256 kB   827 MB   829 MB
     7   128  P  1996 kB  2036 kM  1592  S   512 kB   796 MB   797 MB
     8   256  P  2336 kB  1018 kM   764  S  1024 kB   764 MB   766 MB
     9   512  P  3084 kB   509 kM   367  S  2048 kB   734 MB   737 MB
    10  1024  P  4640 kB   254 kM   176  S  4096 kB   704 MB   708 MB  Best Value!
    11  2048  P  7808 kB   127 kM    84  S  8192 kB   672 MB   679 MB
    12  4096  P    13 MB    63 kM    40  S    16 MB   640 MB   653 MB
    13  8192  P    26 MB    31 kM    19  S    32 MB   608 MB   634 MB
    14    16 kP    51 MB    15 kM     9  S    64 MB   576 MB   627 MB
    15    32 kP   102 MB  8146  M     5  S   128 MB   640 MB   742 MB
    16    64 kP   203 MB  4073  M     2  S   256 MB   512 MB   715 MB
    17   128 kP   405 MB  2037  M     1  S   512 MB   512 MB   917 MB
    18   256 kP   810 MB  1019  M     1  S  1024 MB  1024 MB  1834 MB
    19   512 kP  1620 MB   510  M     1  S  2048 MB  2048 MB  3668 MB
    20  1024 kP  3240 MB   255  M     1  S  4096 MB  4096 MB  7336 MB
    21  2048 kP  6480 MB   128  M     1  S  8192 MB  8192 MB    14 GB
    22  4096 kP    12 GB    64  M     1  S    16 GB    16 GB    28 GB


FINAL CONFIGURATION
-------------------

Estimated to require 1409 MB memory out of 12 GB allowed.
Estimated to require 2 batches.

Configured complex mode for 1.377 GB memory per batch, and up to 2 batches.

Start counting with THREADED method.

Cleaning up.

Bye.
