
Found perl:
   /usr/bin/perl
   This is perl 5, version 16, subversion 3 (v5.16.3) built for x86_64-linux-thread-multi

Found java:
   /sw/comp/java/x86_64/sun_jdk1.8.0_151/bin/java
   java version "1.8.0_151"

Found canu:
   /sw/bioinfo/canu/2.2/rackham/bin/canu
   canu snapshot v2.2 +0 changes (r10279 af9c6e709ff2d6473cf966702c420b9eb42d9078)

Running job 1 based on command line options.

Found 1 command tree.

PROCESSING TREE #1 using 4 threads.
  opGreaterThan
    threshold=1
    opUnionSum
      ./genome_assembly.01.meryl
    output to genome_assembly.ms16.WORKING

Cleaning up.

Bye.

Found 1 command tree.

Found 1 command tree.

PROCESSING TREE #1 using 4 threads.
  opAtLeast
    threshold=889
    opAtLeast
      word-frequenct=0.000000
      ./genome_assembly.ms16
    print to ./genome_assembly.ms16.##.dump

Cleaning up.

Bye.

Found 1 command tree.
