
Found perl:
   /usr/bin/perl
   This is perl 5, version 16, subversion 3 (v5.16.3) built for x86_64-linux-thread-multi

Found java:
   /sw/comp/java/x86_64/sun_jdk1.8.0_151/bin/java
   java version "1.8.0_151"

Found canu:
   /sw/bioinfo/canu/2.2/rackham/bin/canu
   canu snapshot v2.2 +0 changes (r10279 af9c6e709ff2d6473cf966702c420b9eb42d9078)

Running job 2 based on command line options.
-- Using seqFile '../genome_assembly.ctgStore/partition.0002'.
-- Opening tigStore '../genome_assembly.ctgStore' version 1.
-- Opening output results file './ctgcns/0002.cns.WORKING'.
--
-- Computing consensus for b=0 to e=42 with errorRate 0.0750 (max 0.4000) and minimum overlap 500
--
Loading corrected-trimmed reads from seqFile '../genome_assembly.ctgStore/partition.0002'
Consensus finished successfully.

Bye.
                           ----------CONTAINED READS----------  -DOVETAIL  READS-
  tigID    length   reads      used coverage  ignored coverage      used coverage
------- --------- -------  -------- -------- -------- --------  -------- --------
      2    216334     649       524   18.20x        0    0.00x       125    5.91x
      3     28873      43        34    8.77x        0    0.00x         9    2.95x
      4     14748       7         2    0.82x        0    0.00x         5    2.47x
      5     40052     137       113   20.19x        0    0.00x        24    6.18x
      6     15021      16        12    4.41x        0    0.00x         4    2.50x
      7     16051       9         2    0.68x        0    0.00x         7    3.31x
      8     24850      29        18    3.02x        0    0.00x        11    3.38x
      9     16486      18        12    4.31x        0    0.00x         6    2.94x

Processed 8 tigs and 33 singletons.

