
Found perl:
   /usr/bin/perl
   This is perl 5, version 16, subversion 3 (v5.16.3) built for x86_64-linux-thread-multi

Found java:
   /sw/comp/java/x86_64/sun_jdk1.8.0_151/bin/java
   java version "1.8.0_151"

Found canu:
   /sw/bioinfo/canu/2.2/rackham/bin/canu
   canu snapshot v2.2 +0 changes (r10279 af9c6e709ff2d6473cf966702c420b9eb42d9078)

Running job 2 based on command line options.

Attempting to increase maximum allowed processes and open files.
  Changed max processes per user from 4096 to 514827 (max 514827).
  Max open files limited to 16384, no increase possible.


Finding overlaps.
  found      11267 overlaps in './genome_assembly.ovlStore.BUILDING/bucket0002/sliceSizes'.

Loading      11267 overlaps using 0.00 GB of allowed (-M) 1 GB memory.
  loading      11267 overlaps from './genome_assembly.ovlStore.BUILDING/bucket0002/slice0002'.

Sorting.

Writing sorted overlaps.
  created './genome_assembly.ovlStore.BUILDING/0002' with 11267 overlaps for reads 99646 to 100828.

Removing bucketized overlaps.

Success!
