
Found perl:
   /usr/bin/perl
   This is perl 5, version 16, subversion 3 (v5.16.3) built for x86_64-linux-thread-multi

Found java:
   /sw/comp/java/x86_64/sun_jdk1.8.0_151/bin/java
   java version "1.8.0_151"

Found canu:
   /sw/bioinfo/canu/2.2/rackham/bin/canu
   canu snapshot v2.2 +0 changes (r10279 af9c6e709ff2d6473cf966702c420b9eb42d9078)

Running job 2 based on command line options.
Fetch blocks/000004.dat
Fetch blocks/000005.dat

Running block 000001 in query 000002

Running with these settings:
--filter-threshold = 1.0E-7
--help = false
--max-shift = 0.2
--min-olap-length = 500
--min-store-length = 0
--no-rc = false
--no-self = true
--no-tf = false
--num-hashes = 256
--num-min-matches = 3
--num-threads = 4
--ordered-kmer-size = 14
--ordered-sketch-size = 1000
--repeat-idf-scale = 10.0
--repeat-weight = 0.9
--settings = 0
--store-full-id = true
--supress-noise = 0
--threshold = 0.8
--version = false
-f = 
-h = false
-k = 16
-p = 
-q = queries/000002
-s = ./blocks/000001.dat

Processing files for storage in reverse index...
Current # sequences loaded and processed from file: 5000...
Current # sequences loaded and processed from file: 10000...
Current # sequences loaded and processed from file: 15000...
Current # sequences loaded and processed from file: 20000...
Current # sequences loaded and processed from file: 25000...
Current # sequences loaded and processed from file: 30000...
Current # sequences stored: 5000...
Current # sequences stored: 10000...
Current # sequences stored: 15000...
Current # sequences stored: 20000...
Current # sequences stored: 25000...
Current # sequences stored: 30000...
Stored 32400 sequences in the index.
Processed 32400 unique sequences (fwd and rev).
Time (s) to read and hash from file: 6.362620487
Opened fasta file /domus/h1/elro9391/Genome_Analysis_Enterococcus_Faecium/analyses/genome_assembly_output/correction/1-overlapper/blocks/000004.dat.
Current # sequences loaded and processed from file: 5000...
Current # sequences loaded and processed from file: 10000...
Current # sequences loaded and processed from file: 15000...
Processed 16200 to sequences.
Time (s) to score, hash to-file, and output: 10.785430418
Opened fasta file /domus/h1/elro9391/Genome_Analysis_Enterococcus_Faecium/analyses/genome_assembly_output/correction/1-overlapper/blocks/000005.dat.
Current # sequences loaded and processed from file: 5000...
Current # sequences loaded and processed from file: 10000...
Current # sequences loaded and processed from file: 15000...
Processed 16200 to sequences.
Time (s) to score, hash to-file, and output: 7.941371753
Total scoring time (s): 18.737591771
Total time (s): 25.100449701000002
MinHash search time (s): 3.734168292
Total matches found: 407490
Average number of matches per lookup: 12.576851851851853
Average number of table elements processed per lookup: 152.92324074074074
Average number of table elements processed per match: 12.159103290878305
Average % of hashed sequences hit per lookup: 0.26550535360463345
Average % of hashed sequences hit that are matches: 14.620211404475295
Average % of hashed sequences fully compared that are matches: 84.04160316127928
