
Found perl:
   /usr/bin/perl
   This is perl 5, version 16, subversion 3 (v5.16.3) built for x86_64-linux-thread-multi

Found java:
   /sw/comp/java/x86_64/sun_jdk1.8.0_151/bin/java
   java version "1.8.0_151"

Found canu:
   /sw/bioinfo/canu/2.2/rackham/bin/canu
   canu snapshot v2.2 +0 changes (r10279 af9c6e709ff2d6473cf966702c420b9eb42d9078)

Running job 1 based on command line options.

Found 1 command tree.

Counting 509 (estimated) million canonical 16-mers from 1 input file:
    canu-seqStore: ../../genome_assembly.seqStore


SIMPLE MODE
-----------

  16-mers
    -> 4294967296 entries for counts up to 65535.
    -> 64 Gbits memory used

  533813323 input bases
    -> expected max count of 2135253, needing 7 extra bits.
    -> 28 Gbits memory used

  11 GB memory needed


COMPLEX MODE
------------

prefix     # of   struct   kmers/    segs/      min     data    total
  bits   prefix   memory   prefix   prefix   memory   memory   memory
------  -------  -------  -------  -------  -------  -------  -------
     1     2  P  1979 kB   127 MM   123 kS  8192  B   986 MB   988 MB
     2     4  P  1922 kB    63 MM    59 kS    16 kB   954 MB   956 MB
     3     8  P  1872 kB    31 MM    28 kS    32 kB   923 MB   925 MB
     4    16  P  1832 kB    15 MM    13 kS    64 kB   891 MB   892 MB
     5    32  P  1820 kB  8145 kM  6877  S   128 kB   859 MB   861 MB
     6    64  P  1857 kB  4072 kM  3310  S   256 kB   827 MB   829 MB
     7   128  P  1996 kB  2036 kM  1592  S   512 kB   796 MB   797 MB
     8   256  P  2336 kB  1018 kM   764  S  1024 kB   764 MB   766 MB
     9   512  P  3084 kB   509 kM   367  S  2048 kB   734 MB   737 MB
    10  1024  P  4640 kB   254 kM   176  S  4096 kB   704 MB   708 MB  Best Value!
    11  2048  P  7808 kB   127 kM    84  S  8192 kB   672 MB   679 MB
    12  4096  P    13 MB    63 kM    40  S    16 MB   640 MB   653 MB
    13  8192  P    26 MB    31 kM    19  S    32 MB   608 MB   634 MB
    14    16 kP    51 MB    15 kM     9  S    64 MB   576 MB   627 MB
    15    32 kP   102 MB  8146  M     5  S   128 MB   640 MB   742 MB
    16    64 kP   203 MB  4073  M     2  S   256 MB   512 MB   715 MB
    17   128 kP   405 MB  2037  M     1  S   512 MB   512 MB   917 MB
    18   256 kP   810 MB  1019  M     1  S  1024 MB  1024 MB  1834 MB
    19   512 kP  1620 MB   510  M     1  S  2048 MB  2048 MB  3668 MB
    20  1024 kP  3240 MB   255  M     1  S  4096 MB  4096 MB  7336 MB
    21  2048 kP  6480 MB   128  M     1  S  8192 MB  8192 MB    14 GB
    22  4096 kP    12 GB    64  M     1  S    16 GB    16 GB    28 GB


FINAL CONFIGURATION
-------------------

Estimated to require 1409 MB memory out of 3072 MB allowed.
Estimated to require 2 batches.

Configured complex mode for 1.377 GB memory per batch, and up to 2 batches.

Start counting with THREADED method.
Used 0.272 GB / 2.969 GB to store      2090858 kmers; need 0.004 GB to sort        72147 kmers
Used 0.364 GB / 2.969 GB to store     37635255 kmers; need 0.041 GB to sort       683135 kmers
Used 0.457 GB / 2.969 GB to store     73178819 kmers; need 0.079 GB to sort      1319995 kmers
Used 0.549 GB / 2.969 GB to store    108718578 kmers; need 0.116 GB to sort      1946625 kmers
Used 0.637 GB / 2.969 GB to store    142168073 kmers; need 0.154 GB to sort      2587110 kmers
Used 0.724 GB / 2.969 GB to store    175618371 kmers; need 0.192 GB to sort      3222990 kmers
Used 0.817 GB / 2.969 GB to store    211161037 kmers; need 0.229 GB to sort      3834139 kmers
Used 0.910 GB / 2.969 GB to store    246702816 kmers; need 0.262 GB to sort      4403692 kmers
Used 1.002 GB / 2.969 GB to store    282244894 kmers; need 0.295 GB to sort      4951385 kmers
Used 1.100 GB / 2.969 GB to store    319878951 kmers; need 0.329 GB to sort      5517486 kmers
Used 1.199 GB / 2.969 GB to store    357513863 kmers; need 0.361 GB to sort      6061661 kmers
Used 1.297 GB / 2.969 GB to store    395149620 kmers; need 0.395 GB to sort      6620491 kmers
Used 1.395 GB / 2.969 GB to store    432786664 kmers; need 0.427 GB to sort      7161372 kmers
Used 1.493 GB / 2.969 GB to store    470423081 kmers; need 0.460 GB to sort      7710084 kmers
Used 1.591 GB / 2.969 GB to store    508057370 kmers; need 0.494 GB to sort      8284798 kmers

Input complete.  Writing results to './genome_assembly.01.meryl.WORKING', using 4 threads.
finishIteration()--

Finished counting.

Cleaning up.

Bye.
