
==> PARAMETERS.

Resources:
  Memory                16 GB
  Compute Threads       4

Lengths:
  Minimum read          0 bases
  Maximum read          4294967295 bases
  Minimum overlap       500 bases

Overlap Error Rates:
  Graph                 0.045 (4.500%)
  Max                   0.045 (4.500%)
  Forced                -.--- (-.---%)   (not used)

Deviations:
  Graph                 12.000
  Bubble                1.000
  Repeat                1.000

Similarity Thresholds:
  Graph                 0.000
  Bubble                0.010
  Repeat                0.010

Edge Confusion:
  Absolute              2500
  Percent               15.0000

Unitig Construction:
  Minimum intersection  500 bases
  Maxiumum placements   2 positions

Debugging Enabled:
  (none)

==> LOADING AND FILTERING OVERLAPS.

ReadInfo()-- Found       12659 reads.

OverlapCache()-- limited to 16384MB memory (user supplied).

OverlapCache()--       0MB for read data.
OverlapCache()--       3MB for best edges.
OverlapCache()--      10MB for tigs.
OverlapCache()--       2MB for tigs - read layouts.
OverlapCache()--       3MB for tigs - error profiles.
OverlapCache()--    4096MB for tigs - error profile overlaps.
OverlapCache()--       0MB for other processes.
OverlapCache()-- ---------
OverlapCache()--    4118MB for data structures (sum of above).
OverlapCache()-- ---------
OverlapCache()--       1MB for overlap store structure.
OverlapCache()--   12263MB for overlap data.
OverlapCache()-- ---------
OverlapCache()--   16384MB allowed.
OverlapCache()--
OverlapCache()-- Retain at least 68 overlaps/read, based on 34.08x coverage.
OverlapCache()-- Initial guess at 7970 overlaps/read.
OverlapCache()--
OverlapCache()-- Adjusting for sparse overlaps.
OverlapCache()--
OverlapCache()--               reads loading olaps          olaps               memory
OverlapCache()--   olaps/read       all      some          loaded                 free
OverlapCache()--   ----------   -------   -------     ----------- -------     --------
OverlapCache()--         7970    100836         0          983906 100.00%      12248 MB
OverlapCache()--
OverlapCache()-- Loading overlaps.
OverlapCache()--
OverlapCache()--          read from store           saved in cache
OverlapCache()--   ------------ ---------   ------------ ---------
OverlapCache()--         976182 (099.21%)         976088 (099.21%)
OverlapCache()--   ------------ ---------   ------------ ---------
OverlapCache()--         983906 (100.00%)         983811 (099.99%)
OverlapCache()--
OverlapCache()-- Ignored 62 duplicate overlaps.
OverlapCache()--
OverlapCache()-- Symmetrizing overlaps.
OverlapCache()--   Finding missing twins.
OverlapCache()--   In 983811 overlaps:
OverlapCache()--     Found 5080 overlaps with non-symmetric error rates.
OverlapCache()--     Found 15 overlaps with missing twins.
OverlapCache()--     Dropped 0 weak missing-twin overlaps.
OverlapCache()--   Shifting overlaps.
OverlapCache()--   Adding missing twins.
OverlapCache()--   Sorting overlaps.
OverlapCache()--   Checking overlap symmetry.
OverlapCache()--   Finished.

BestOverlapGraph()-- Computing Best Overlap Graph.
BestOverlapGraph()-- Allocating best edges (3MB).
BestOverlapGraph()-- Filtering high error edges.
BestOverlapGraph()--   Ignore overlaps with more than 0.965118% error.
BestOverlapGraph()-- Filtering reads with a gap in overlap coverage.
BestOverlapGraph()--   13 reads removed.
BestOverlapGraph()-- Filtering reads with lopsided best edges (more than 25.00% different).
BestOverlapGraph()--   2 reads have lopsided edges.
BestOverlapGraph()-- Filtering spur reads.
BestOverlapGraph()--   Initial             17 terminal  spur reads -       21/23       5'/3' spur path reads.
BestOverlapGraph()--   Iteration 1 -       17 terminal  spur reads -       20/21       5'/3' spur path reads -        3/3        edges changed to avoid spur path.
BestOverlapGraph()--   Iteration 2 -       17 terminal  spur reads -       20/20       5'/3' spur path reads -        1/0        edges changed to avoid spur path.
BestOverlapGraph()--   Iteration 3 -       17 terminal  spur reads -       20/20       5'/3' spur path reads -        0/0        edges changed to avoid spur path.
BestOverlapGraph()--   Final               33 confirmed spur reads -       20/20       5'/3' spur path reads.

==> BUILDING GREEDY TIGS.

breakSingletonTigs()-- Removed 0 singleton tigs; reads are now unplaced.
optimizePositions()-- Optimizing read positions for 100837 reads in 10 tigs, with 4 threads.
optimizePositions()--   Allocating scratch space for 100837 reads (3151 KB).
optimizePositions()--   Initializing positions with 4 threads.
optimizePositions()--   Recomputing positions, iteration 1, with 4 threads.
optimizePositions()--     Reset zero.
optimizePositions()--     Checking convergence.
optimizePositions()--     converged:  12604 reads
optimizePositions()--     changed:    88233 reads
optimizePositions()--   Recomputing positions, iteration 2, with 4 threads.
optimizePositions()--     Reset zero.
optimizePositions()--     Checking convergence.
optimizePositions()--     converged:  12653 reads
optimizePositions()--     changed:    88184 reads
optimizePositions()--   Recomputing positions, iteration 3, with 4 threads.
optimizePositions()--     Reset zero.
optimizePositions()--     Checking convergence.
optimizePositions()--     converged:  12659 reads
optimizePositions()--     changed:    88178 reads
optimizePositions()--   Recomputing positions, iteration 4, with 4 threads.
optimizePositions()--     Reset zero.
optimizePositions()--     Checking convergence.
optimizePositions()--     converged:  12659 reads
optimizePositions()--     changed:    88178 reads
optimizePositions()--   Recomputing positions, iteration 5, with 4 threads.
optimizePositions()--     Reset zero.
optimizePositions()--     Checking convergence.
optimizePositions()--     converged:  12659 reads
optimizePositions()--     changed:    88178 reads
optimizePositions()--   Expanding short reads with 4 threads.
optimizePositions()--   Updating positions.
optimizePositions()--   Finished.
splitDiscontinuous()-- Tested 9 tigs, split none.
detectSpur() done.
tested            3
nEdges      5'    2   3'    1
nPotential        1         1
nVerified         0         0

==> PLACE CONTAINED READS.

computeErrorProfiles()-- Computing error profiles for 10 tigs, with 4 threads.
computeErrorProfiles()-- Finished.

placeContains()-- placing 10730 contained and 88208 unplaced reads, with 4 threads.
placeContains()-- Placed 10726 contained reads and 2 unplaced reads.
placeContains()-- Failed to place 4 contained reads (too high error suspected) and 88206 unplaced reads (lack of overlaps suspected).
optimizePositions()-- Optimizing read positions for 100837 reads in 10 tigs, with 4 threads.
optimizePositions()--   Allocating scratch space for 100837 reads (3151 KB).
optimizePositions()--   Initializing positions with 4 threads.
optimizePositions()--   Recomputing positions, iteration 1, with 4 threads.
optimizePositions()--     Reset zero.
optimizePositions()--     Checking convergence.
optimizePositions()--     converged:  11900 reads
optimizePositions()--     changed:    88937 reads
optimizePositions()--   Recomputing positions, iteration 2, with 4 threads.
optimizePositions()--     Reset zero.
optimizePositions()--     Checking convergence.
optimizePositions()--     converged:  12649 reads
optimizePositions()--     changed:    88188 reads
optimizePositions()--   Recomputing positions, iteration 3, with 4 threads.
optimizePositions()--     Reset zero.
optimizePositions()--     Checking convergence.
optimizePositions()--     converged:  12653 reads
optimizePositions()--     changed:    88184 reads
optimizePositions()--   Recomputing positions, iteration 4, with 4 threads.
optimizePositions()--     Reset zero.
optimizePositions()--     Checking convergence.
optimizePositions()--     converged:  12659 reads
optimizePositions()--     changed:    88178 reads
optimizePositions()--   Recomputing positions, iteration 5, with 4 threads.
optimizePositions()--     Reset zero.
optimizePositions()--     Checking convergence.
optimizePositions()--     converged:  12658 reads
optimizePositions()--     changed:    88179 reads
optimizePositions()--   Expanding short reads with 4 threads.
optimizePositions()--   Updating positions.
optimizePositions()--   Finished.
splitDiscontinuous()-- Tested 9 tigs, split none.

==> MERGE ORPHANS.

computeErrorProfiles()-- Computing error profiles for 10 tigs, with 4 threads.
computeErrorProfiles()-- Finished.

findPotentialOrphans()-- working on 10 tigs.
findPotentialOrphans()-- found 0 potential orphans.
mergeOrphans()-- flagged       0        bubble tigs with 0 reads
mergeOrphans()-- placed        0 unique orphan tigs with 0 reads
mergeOrphans()-- shattered     0 repeat orphan tigs with 0 reads
mergeOrphans()-- ignored       0               tigs with 0 reads; failed to place
mergeOrphans()--

==> MARK SIMPLE BUBBLES.
    using 0.010000 user-specified threshold


findPotentialOrphans()-- working on 10 tigs.
findPotentialOrphans()-- found 3 potential orphans.
mergeOrphans()-- flagged       1        bubble tigs with 16 reads
mergeOrphans()-- placed        0 unique orphan tigs with 0 reads
mergeOrphans()-- shattered     0 repeat orphan tigs with 0 reads
mergeOrphans()-- ignored       0               tigs with 0 reads; failed to place
mergeOrphans()--
classifyAsUnassembled()--      0 tigs           0 bases -- singleton
classifyAsUnassembled()--      0 tigs           0 bases -- too few reads        (< 2 reads)
classifyAsUnassembled()--      0 tigs           0 bases -- too short            (< 0 bp)
classifyAsUnassembled()--      0 tigs           0 bases -- single spanning read (> 1.000000 tig length)
classifyAsUnassembled()--      0 tigs           0 bases -- low coverage         (> 0.500000 tig length at < 3 coverage)
classifyAsUnassembled()--      9 tigs     3140243 bases -- acceptable contigs


==> GENERATING ASSEMBLY GRAPH.

computeErrorProfiles()-- Computing error profiles for 10 tigs, with 4 threads.
computeErrorProfiles()-- Finished.

AssemblyGraph()-- allocating vectors for placements, 4.616MB
AssemblyGraph()-- finding edges for 12626 reads (10726 contained), ignoring 88210 unplaced reads, with 4 threads.
AssemblyGraph()-- building reverse edges.
AssemblyGraph()-- build complete.

==> BREAK REPEATS.

computeErrorProfiles()-- Computing error profiles for 10 tigs, with 4 threads.
computeErrorProfiles()-- Finished.

==> CLEANUP MISTAKES.

splitDiscontinuous()-- Tested 9 tigs, split none.
promoteToSingleton()-- Moved 33 unplaced reads to singleton tigs.
splitDiscontinuous()-- Tested 9 tigs, split none.
promoteToSingleton()-- Moved 0 unplaced reads to singleton tigs.

==> CLEANUP GRAPH.


==> GENERATE OUTPUTS.


Bye.
