
Configuring for:
  hash table:       80000000 bases.
  read stream:    1000000000 bases.


       Raw          Raw  Corrected    Corrected    Trimmed      Trimmed
     Reads        Bases      Reads        Bases      Reads        Bases
---------- ------------ ---------- ------------ ---------- ------------
      2586     13922469        493      4283845        493      4283845
      5172     27817223        970      8413152        970      8413152
      7758     41542229       1427     12403215       1427     12403215
     10344     55325247       1863     16140777       1863     16140777
     12930     68913008       2290     19775497       2290     19775497
     15516     82305924       2709     23375771       2709     23375771
     18102     95631226       3114     26812900       3114     26812900
     20688    108761784       3500     30081619       3500     30081619
     23274    122041238       3905     33584574       3905     33584574
     25860    135480381       4319     37110255       4319     37110255
     28446    149042622       4755     40784426       4755     40784426
     31032    162398761       5165     44192645       5165     44192645
     33618    175762851       5591     47863425       5591     47863425
     36204    189552710       6039     51726050       6039     51726050
     38790    202941303       6398     54719689       6398     54719689
     41376    216416579       6693     57186831       6693     57186831
     43962    230139823       6998     59722115       6998     59722115
     46548    243761268       7291     62207018       7291     62207018
     49134    257134368       7546     64259203       7546     64259203
     51720    270587195       7818     66501681       7818     66501681
     54306    284210509       8060     68539902       8060     68539902
     56892    298098022       8344     70855553       8344     70855553
     59478    311785305       8633     73246982       8633     73246982
     62064    325379945       8892     75448851       8892     75448851
     64650    339172547       9131     77384360       9131     77384360
     67236    353025610       9383     79424686       9383     79424686
     69822    366987590       9616     81373636       9616     81373636
     72408    380762988       9865     83461153       9865     83461153
     74994    394806092      10109     85520963      10109     85520963
     77580    408645773      10359     87642026      10359     87642026
     80166    422742416      10603     89705074      10603     89705074
     82752    436992689      10862     91861457      10862     91861457
     85338    450963152      11129     94091322      11129     94091322
     87924    465119567      11382     96124057      11382     96124057
     90510    478893997      11654     98320662      11654     98320662
     93096    492435339      11905    100377910      11905    100377910
     95682    506142689      12161    102487201      12161    102487201
     98268    519942115      12408    104548572      12408    104548572
---------- ------------ ---------- ------------ ---------- ------------
    100836    533813323      12708    107080188      12708    107080188

  Job       Hash Range        # Reads      # Bases      Stream Range        # Reads      # Bases
----- --------------------- --------- ------------  --------------------- --------- ------------
    1          1-72923           9873     80002514           1-72923          12659    102253081
    2      72924-100836          2786     22250567           1-100836         12659    102253081
