
Found 1 command tree.

Counting 97 (estimated) million canonical 22-mers from 1 input file:
    canu-seqStore: ../../genome_assembly.seqStore


SIMPLE MODE
-----------

  Not possible.


COMPLEX MODE
------------

prefix     # of   struct   kmers/    segs/      min     data    total
  bits   prefix   memory   prefix   prefix   memory   memory   memory
------  -------  -------  -------  -------  -------  -------  -------
     1     2  P   530 kB    24 MM    32 kS  8192  B   262 MB   262 MB
     2     4  P   524 kB    12 MM    16 kS    16 kB   256 MB   256 MB
     3     8  P   525 kB  6240 kM  7998  S    32 kB   249 MB   250 MB
     4    16  P   538 kB  3120 kM  3902  S    64 kB   243 MB   244 MB
     5    32  P   576 kB  1560 kM  1902  S   128 kB   237 MB   238 MB
     6    64  P   665 kB   780 kM   927  S   256 kB   231 MB   232 MB
     7   128  P   856 kB   390 kM   452  S   512 kB   226 MB   226 MB
     8   256  P  1248 kB   195 kM   220  S  1024 kB   220 MB   221 MB
     9   512  P  2044 kB    97 kM   107  S  2048 kB   214 MB   215 MB
    10  1024  P  3648 kB    48 kM    52  S  4096 kB   208 MB   211 MB  Best Value!
    11  2048  P  6880 kB    24 kM    26  S  8192 kB   208 MB   214 MB
    12  4096  P    13 MB    12 kM    13  S    16 MB   208 MB   221 MB
    13  8192  P    25 MB  6241  M     6  S    32 MB   192 MB   217 MB
    14    16 kP    50 MB  3121  M     3  S    64 MB   192 MB   242 MB
    15    32 kP   101 MB  1561  M     2  S   128 MB   256 MB   357 MB
    16    64 kP   202 MB   781  M     1  S   256 MB   256 MB   458 MB
    17   128 kP   405 MB   391  M     1  S   512 MB   512 MB   917 MB
    18   256 kP   810 MB   196  M     1  S  1024 MB  1024 MB  1834 MB
    19   512 kP  1620 MB    98  M     1  S  2048 MB  2048 MB  3668 MB
    20  1024 kP  3240 MB    49  M     1  S  4096 MB  4096 MB  7336 MB


FINAL CONFIGURATION
-------------------

Estimated to require 419 MB memory out of 2048 MB allowed.
Estimated to require 2 batches.

Configured complex mode for 0.410 GB memory per batch, and up to 2 batches.

Start counting with THREADED method.

Cleaning up.

Bye.
